f5f4g3g4h3h2h1h4h5g6g5h6h7g7f2g2f1g1f3f6g8h8f7f8e6e1d1d6c3d3e3d2d7c4e7e2c2e8d8c1c5c6c7c8b1b2b3b4b5b6b7a1a2a3a4a5b8a6a7a8ts,16
f5f6f7g5h4h5h6g7h7h8g6h3g4g3e6f4h2h1g8f2g2f1g1f3e1f8e3e2e7e8d2d1d3d6d7d8c1c2c3c4c5c6c7b1c8b2b3b4b5b6b7b8a1a2a3a4a5a6a7a8ts,-24
f5f6f7g7h7h8e6h6g6g5h4g4h3g3h5h2g2g1d3e7g8f4f3f8h1f1e1f2e3e2e8d1c1d2c3d6d7d8tsc2c4c5c6c7c8b1b2b3b4b5b6b7a1b8a3a2a4a5a6tsa7tsa8ts,-4
f5f6f7g7h7h8e6h6g6g5h5h4g8f4g3g4h3h2g2g1f3f8h1f1e1f2e3e2e8e7d3d1d6d7d8c2d2c1c3c4c5c6b1c7c8b2b3b4b5b6b7b8tsa1a2a3a4a5a6a7a8ts,-12
f5f6f7g7h7h8e6h6g6g5h5h4g8f8d3g4h3h2tsg3tsf4tsd6e7d2c2f3e2e8d7d1g2g1h1f1f2e1c1e3tsc3c4d8c5b1c6c7c8b2b3b4b5b6b7b8a1tsa2a3a4a5a6a7a8ts,-10
f5f6f7g7h7h8e6h6g6g5h5h4g8f8d3g4h3h2tsg3tsf4tsd7e7d6e8d2c2f3e2d1f2f1g2h1e3g1d8e1tsc1tsc3c4c5c6c7c8b8b1b2b3b4b5b6b7a1tsa2a3a4a5a6a7a8ts,-54
f5f6f7g7h7h8e6h6g6g5h5h4g8f8d3g4h3h2tsg3tsf4tsd7e7d8e8d6c6e3f2e1g1e2f1h1f3d1g2d2c2c1c4c3c5c7c8b8b1b2b3b4b5a1b6b7a2a3a4a5a6a7a8ts,-28
f5f6f7g7h7h8e6h6g6g5h5h4g8f8d3g4h3h2tsg3tsf4tsd7e7d8e8d6c8e3f2e1g1e2f1h1f3d1g2d2c2c1c4c3c5c6b1b2b3b4b5c7b6b7b8a1a2a3a4a5a6a7a8ts,-22
f5f6f7g7h7h8e6h6g6g5h5h4g8f8d3g4h3h2tsg3tsf4tsd7e7d8e8d6c8e3f3f2g1f1g2h1e2e1d1d2c2c1c3c4c5c6b2b1c7b3b4b5b6b7a1b8a3a2a5a4a6a7a8ts,-16
f5f6f7g7h7h8e6h6g6g5h5h4g8f8d3g4h3h2tsg3tsf4tsd7e7d8e8d6c8e3f3f2g2g1h1f1e1e2c6d2d1c1c3c2c4c5b1c7b3b2b4b5b6b7b8a1a2a3a4a5a6a7a8ts,-8
f5f6f7g7h7h8e6h6g6g5h5h4g8f8d3g4h3h2tsg3tsf4tsd7e7d8e8d6c8e3f3f2g2g1h1f1e1e2c6d2d1c2c3c1c4c7b1c5b5b2b3b4b6b7b8a1a2a3a4a5a6a7a8ts,-8
f5f6f7g7h7h8e6h6g6g5h5h4g8f8d3g4h3h2tsg3tsf4tsd7e7d8e8d6c8e3f3f2g2g1h1f1e1e2c6d2d1c3c4c1c2c5b1c7b3b2b4b5b6b7b8a1a2a3a4a5a6a7a8ts,-10
f5f6f7g7h7h8e6h6g6g5h5h4g8f8d3g4h3h2tsg3tsf4tsd7e7d8e8d6c8e3f3f2g2g1h1f1e1e2c6d2d1c4c5c1c2c3b1c7b2b8b4b3b5b6b7a1a2a3a4a5a6a7a8ts,-18
f5f6f7g7h7h8e6h6g6g5h5h4g8f8d3g4h3h2tsg3tsf4tsd7e7d8e8d6c8e3f3f2g2g1h1f1e1e2c6d2d1c5c4c1c3c2b1c7b3b2b4b5b6b7b8a1a2a3a4a5a6a8a7ts,-20
f5f6f7g7h7h8e6h6g6g5h5h4g8f8d3g4h3h2tsg3tsf4tsd7e7d8e8d6c8e3f3f2g2g1h1f1e1e2c6d2d1c7b6c1c3c2c4c5b1b2b3b4b5b7b8a1a2a3a4a5a6a7a8ts,-14
f5f6f7g7h7h8e6h6g6g5h5h4g8f8d3g4h3h2tsg3tsf4tsd7e7d8e8d6c8e3f3f2g2g1h1f1e1e2c6d2d1c7b6c2c3c1c4c5b2b1b3b4b5b7a1b8a2a3a4a5a6tsa7tsa8ts,4
f5f6f7g7h7h8e6h6g6g5h5h4g8f8d3g4h3h2tsg3tsf4tsd7e7d8e8d6c8e3f3f2g2g1h1f1e1e2c6d2d1c7b6c3c4c1c2c5b1b2b3b4b5b7b8a1a2a3a4a5a6a7a8ts,-16
f5f6f7g7h7h8e6h6g6g5h5h4g8f8d3g4h3h2tsg3tsf4tsd7e7d8e8d6c8e3f3f2g2g1h1f1e1e2c6d2d1c7b6c4c5c1c2c3b1b4b2b5b3b7b8a1a2a3a4a5a6a7a8ts,-10
f5f6f7g7h7h8e6h6g6g5h5h4g8f8d3g4h3h2tsg3tsf4tsd7e7d8e8d6c8e3f3f2g2g1h1f1e1e2c6d2d1c7b6c5c4c1c3c2b1b2b3b4b5b8tsb7a8a1a2a3a4a5a6a7ts,-24
f5f6f7g7h7h8e6h6g6g5h5h4g8f8d3g4h3h2tsg3tsf4tsd7e7d8e8d6c8e3f3f2g2g1h1f1e1e2c6d2d1c7b6c5c4c2c3c1b3b1a1b2b4b5b7b8a2a3a4a5a6a7a8ts,-10
f5f6f7g7h7h8e6h6g6g5h5h4g8f8d3g4h3h2tsg3tsf4tsd7e7d8e8d6c8e3f3f2g2g1h1f1e1e2c6d2d1c7b6c5c4c3c2c1b1b2b4b3b5b7b8a1a2a3a4a5a6a7a8ts,-12
f5f6f7g7h7h8e6h6g6g5h5h4g8f8d3g4h3h2tsg3tsf4tsd7e7d8e8d6c8e3f3f2g2g1h1f1e1e2c6d2d1c7b6c5c4c3c2c1b1b3b4b2b5b7b8a1a2a4a3a5a6a7a8ts,-10
f5f6f7g7h7h8e6h6g6g5h5h4g8f8d3g4h3h2tsg3tsf4tsd7e7d8e8d6c8e3f3f2g2g1h1f1e1e2c6d2d1c7b6c5c4c3c2c1b1b4b5b2b3b7b8a1a3a2a4a5a6a7a8ts,-16
f5f6f7g7h7h8e6h6g6g5h5h4g8f8d3g4h3h2tsg3tsf4tsd7e7d8e8d6c8e3f3f2g2g1h1f1e1e2c6d2d1c7b6c5c4c3c2c1b1b5b4b2b3b7b8a1a2a3a4a5a6a8a7ts,-22
f5f6f7g7h7h8e6h6g6g5h5h4g8f8d3g4h3h2tsg3tsf4tsd7e7d8e8d6c8e3f3f2g2g1h1f1e1e2c6d2d1c7b6c5c4c3c2c1b1b7b5b2b3b4b8a1a2a3a4a5a6a7a8ts,-20
f5f6f7g7h7h8e6h6g6g5h5h4g8f8d3g4h3h2tsg3tsf4tsd7e7d8e8d6c8e3f3f2g2g1h1f1e1e2c6d2d1c7b6c5c4c3c2c1b1b8tsb2b3b4b5b7a8a2a3a1tsa4a5a6a7ts,-20
f5f6f7g7h7h8e6h6g6g5h5h4g8f8d3g4h3h2tsg3tsf4tsd7e7d8e8d6c8e3f3f2g2g1h1f1e1e2c6d2d1c7b6c5c4c3c2c1b1b8tsb3b4b2b5b7a2a1a3a4a5a6a7a8ts,-30
f5f6f7g7h7h8e6h6g6g5h5h4g8f8d3g4h3h2tsg3tsf4tsd7e7d8e8d6c8e3f3f2g2g1h1f1e1e2c6d2d1c7b6c5c4c3c2c1b1b8tsb4b5b2b3b7a8a1a3a2a4a5a6a7ts,-28
f5f6f7g7h7h8e6h6g6g5h5h4g8f8d3g4h3h2tsg3tsf4tsd7e7d8e8d6c8e3f3f2g2g1h1f1e1e2c6d2d1c7b6c5c4c3c2c1b1b8tsb5b4b2b3a1b7a2a3a4a5a6a7a8ts,-24
f5f6f7g7h7h8e6h6g6g5h5h4g8f8d3g4h3h2tsg3tsf4tsd7e7d8e8d6c8e3f3f2g2g1h1f1e1e2c6d2d1c7b6c5c4c3c2c1b1b8tsb7a8b2b3b4b5a1a2a3a4a5a6a7ts,-24
f5f6f7g7h7h8e6h6g6g5h5h4g8f8d3g4h3h2tsg3tsf4tsd7e7d8e8d6c8e3f3f2g2g1h1f1e1e2c6d2d1c7b6c5c4c3c2c1b1b8tsb7a8b3b4b2a2b5a6a1a3a4a5a7ts,-24
f5f6f7g7h7h8e6h6g6g5h5h4g8f8d3g4h3h2tsg3tsf4tsd7e7d8e8d6c8e3f3f2g2g1h1f1e1e2c6d2d1c7b6c5c4c3c2c1b1b8tsb7a8b4b3b2b5a1a2a3a4a5a6a7ts,-18
f5f6f7g7h7h8e6h6g6g5h5h4g8f8d3g4h3h2tsg3tsf4tsd7e7d8e8d6c8e3f3f2g2g1h1f1e1e2c6d2d1c7b6c5c4c3c2c1b1b8tsb7a8b5b4b2b3a1a2a3a4a5a6a7ts,-28
f5f6f7g7h7h8e6h6g6g5h5h4g8f8d3g4h3h2tsg3tsf4tsd7e7d8e8d6c8e3f3f2g2g1h1f1e1e2c6d2d1c7b6c5c4c3c2c1b1b8tsb7a8b5b4b3b2a1a2a3a4a5a6a7ts,-30
f5f6f7g7h7h8e6h6g6g5h5h4g8f8d3g4h3h2tsg3tsf4tsd7e7d8e8d6c8e3f3f2g2g1h1f1e1e2c6d2d1c7b6c5c4c3c2c1b1b8tsb7a8b5b4b3b2a2a1tsa3a4a5tsa6tsa7ts,-8
f5f6f7g7h7h8e6h6g6g5h5h4g8f8d3g4h3h2tsg3tsf4tsd7e7d8e8d6c8e3f3f2g2g1h1f1e1e2c6d2d1c7b6c5c4c3c2c1b1b8tsb7a8b5b4b3b2a2a3a1a4a5a6a7ts,-34
f5f6f7g7h7h8e6h6g6g5h5h4g8f8d3g4h3h2tsg3tsf4tsd7e7d8e8d6c8e3f3f2g2g1h1f1e1e2c6d2d1c7b6c5c4c3c2c1b1b8tsb7a8b5b4b3b2a2a4a3a1tsa5tsa6tsa7ts,-10
f5f6f7g7h7h8e6h6g6g5h5h4g8f8d3g4h3h2tsg3tsf4tsd7e7d8e8d6c8e3f3f2g2g1h1f1e1e2c6d2d1c7b6c5c4c3c2c1b1b8tsb7a8b5b4b3b2a2a5a3a1tsa4tsa6tsa7ts,-8
f5f6f7g7h7h8e6h6g6g5h5h4g8f8d3g4h3h2tsg3tsf4tsd7e7d8e8d6c8e3f3f2g2g1h1f1e1e2c6d2d1c7b6c5c4c3c2c1b1b8tsb7a8b5b4b3b2a2a6a4a1tsa3tsa5tsa7ts,-8
f5f6f7g7h7h8e6h6g6g5h5h4g8f8d3g4h3h2tsg3tsf4tsd7e7d8e8d6c8e3f3f2g2g1h1f1e1e2c6d2d1c7b6c5c4c3c2c1b1b8tsb7a8b5b4b3b2a2a7a5a1tsa3a4a6ts,-12
f5f6f7g7h7h8e6h6g6g5h5h4g8f8d3g4h3h2tsg3tsf4tsd7e7d8e8d6c8e3f3f2g2g1h1f1e1e2c6d2d1c7b6c5c4c3c2c1b1b8tsb7a8b5b4b3b2a2a7a6a1tsa3a4a5ts,-16
f5f6f7g7h7h8e6h6g6g5h5h4g8f8d3g4h3h2tsg3tsf4tsd7e7d8e8d6c8e3f3f2g2g1h1f1e1e2c6d2d1c7b6c5c4c3c2c1b1b8tsb7a8b5b4b3b2a2a7a6a3a1a5a4ts,-34
f5f6f7g7h7h8e6h6g6g5h5h4g8f8d3g4h3h2tsg3tsf4tsd7e7d8e8d6c8e3f3f2g2g1h1f1e1e2c6d2d1c7b6c5c4c3c2c1b1b8tsb7a8b5b4b3b2a2a7a6a4a3a1tsa5ts,-16
f5f6f7g7h7h8e6h6g6g5h5h4g8f8d3g4h3h2tsg3tsf4tsd7e7d8e8d6c8e3f3f2g2g1h1f1e1e2c6d2d1c7b6c5c4c3c2c1b1b8tsb7a8b5b4b3b2a2a7a6a5a3a1a4ts,-28
f5f6f7g7h7h8e6h6g6g5h5h4g8f8d3g4h3h2tsg3tsf4tsd7e7d8e8d6c8e3f3f2g2g1h1f1e1e2c6d2d1c7b6c5c4c3c2c1b1b8tsb7a8b5b4b3b2a2a7a6a5a4a1tsa3ts,-16
f5f6f7g7h7h8e6h6g6g5h5h4g8f8d3g4h3h2tsg3tsf4tsd7e7d8e8d6c8e3f3f2g2g1h1f1e1e2c6d2d1c7b6c5c4c3c2c1b1b8tsb7a8b5b4b3b2a2a7a6a5a4a3a1ts,-26
c4c3c2b2a2a1d3a3b3b4a4a5b1c1e6b5a6a7tsb6tsc5tse2d2e1d1e3f1d6c6c7b7b8a8c8d8d7f3e7e8f2g3f4f5f6f7f8g8g1tsg2h1g4g5g6g7h7h2h3h4h5h6h8ts,-26
d3c3b3b2b1a1c4a3a2b4a4a5b5c1c2b6a6a7b7b8e6c5tse2d2e1d1e3f1d6c6c7a8d7c8d8e7e8f3f2f4f5f6f7f8g1tsg2h1g3g4g5g6g7g8tsh2h3h4h5h6h7h8ts,-14
e6d6c3d3c2b2a1d2c4a2a3b3b1c1b4a4a5b5a6b6b7c5c6a7a8b8c7c8d1e1d7d8e2e3e7e8f1tsf2f3f4f5f6f7f8g2g3g4g5g6g7g8h1g1h2h3h4h5h6h7h8ts,40
f5d6c3d3c2b2a1d2c4a2a3b3b1c1b4a4a5b5a6b6b7c5c6a7a8b8c7c8d1e1d7d8e2e3e6e7e8g4f1tsf2f3f4f6f7g1g2g3g5f8g6g7g8tsh1tsh2h3h4h5h6h7h8ts,46
f5f6c4c3c2b2a2a1d3a3b3b4a4a5b1c1e6b5a6a7f7b6tsc5tse2d2e1d1e3f1d6c6c7b7b8a8c8d8d7f3e7e8f2g3f4tsf8g4g1g5g2g6g7g8tsh1h2h3h4h5h6h7h8ts,-16
f5f6d3c3b3b2b1a1c4a3a2b4a4a5b5c1c2b6a6a7b7b8e6c5f7e2d2e1d1e3f1d6c6c7a8d7c8d8e7e8f3f2f4f8g2g1g3g4g5g6g7g8h1h2h3h4h5h6h7h8ts,-16
f5f6e6d6c3b2c4b3a1b1a3a2b4a4a5b5a6b6c1d2b7c5c6a7a8b8c2d3c7e3c8f4e1d1e2f1d7d8e7e8f2f3f7f8g1g2g3g4g5g6g7h1g8h3h2h5h4h7h6tsh8ts,52
f5f6f7c5b5b6b7a5b4a3b3a7c3b2a1b1c1b8tsd2e3e1tsf2c4d3a2d6a4e6a6g4a8f8c2tsc6tsc8tse2d1e7d7c7f1d8f3e8tsf4tsg1g2g3h1g5g6g7g8h8h2h3h4h5h6h7ts,36
f5f6f7d6c3d3c2b2a1d2c4a2a3b3b1c1b4a4a5b5a6b6b7c5c6a7a8b8c7c8d1e1d7d8e2e3e6e7e8g4f1f8f2f3f4g3g2g1g5g6g7g8h1h2h3h4h5h6h7h8ts,34
f5f6f7e3c3c4b3b2a1b4a5a2a3a4b5a6a7b1c1c2b6c6c5d6c7b7b8a8c8d7d3d2e1d1e2d8e6f1e7e8f2f3f4f8g1g2g3g4g5h1g6g7g8h2h3h4h5h6h7h8ts,12
f5f6f7f4c3c4b3b2a1b4a5a2a3a4b5a6a7b1c1c2b6c6c5d6c7b7b8a8c8d8d3d2d7e3d1e6e7e8f2e2f1e1f3g1f8g2g3g4g5g6g7g8h1tsh2tsh3h4h5h6h7ts,39
f5f6f7g7c4c3c2b2a2a1d3a3b3b4a4a5b1c1e6b5a6a7g6b6g8c5tse2d2e1d1e3f1d6c6c7b7b8a8c8d8d7f3e7e8f2g3f4tsf8g4g1g5g2h1h2h3h4h5h6h7h8ts,-20
f5f6f7g7d3c3b3b2b1a1c4a3a2b4a4a5b5c1c2b6a6a7b7b8e6c5g6e2d2e1d1e3f1d6c6c7a8c8d8d7f3e7e8f2g3f4g8g1tsf8g4g2g5h2h1h3h4h5h6h7h8ts,-18
f5f6f7g7e6d6c3b2c4c5a1c2b3a2a3a4a5d3b1b4b5b6b7a7c6b8a6c1a8c7c8d2d1e1d7d8e2e3e7e8f1f4f2f3f8g1g2g3g4g5g6h7h1tsg8h2h3h4h5h6h8ts,48
f5f6f7g7h7c5b5b6b7a5b4a3b3a7c3b2a1b1c1b8tsd2e3e1tsf2c4d3a2d6a4e6a6g4a8f8c2h6c6h8c8tse2d1e7d7c7f1d8f3e8tsf4tsg1g2g3h1g5g6g8h2h3h4h5ts,36
f5f6f7g7h7d6c3d3c2b2a1d2c4a2a3b3b1c1b4a4a5b5a6b6b7c5c6a7a8b8c7c8d1e1d7d8e2e3e6e7e8g4f1f8f2f3f4g3g2g1g5g6g8h8h1h2h3h4h5h6ts,36
f5f6f7g7h7e3c3c4b3b2a1b4a5a2a3a4b5a6a7b1c1c2b6c6c5d6c7b7b8a8c8d7d3d2e1d1e2d8e6f1e7e8f2f3f4f8g1g2g3g4g5h1g6g8h2h3h4h5h6h8ts,22
f5f6f7g7h7f4c3c4b3b2a1b4a5a2a3a4b5a6a7b1c1c2b6c5c6b7b8a8c7c8e3d2d6f8e1h6e7d8d7d3e2d1e6f1e8f2f3g2g1g3g4g5g6g8h5h1h2h3h4h8ts,6
f5f6f7g7h7f8c3f4e7b2a1c4b3b4a5a2a3a4b5a6a7b1c1c2b6c5c6b7b8a8c7c8e3d2d6h6e1d7d8e6e2d3e8d1f3f1f2g1g2g3g4g5g6h8g8tsh1h2h3h4h5ts,36
f5f6f7g7h7g5c3c5b6b2a1b5a5d3d2c2c1b1e3a2a3b3c4a4f4a6a7c6b4b7a8b8c7c8d1e1d6d7d8e7e2e6e8f3f1f2f8g8g1g2g3g4g6h1h2h3h4h5h6h8ts,22
