c4c3c2b2a2a1d3a3b3b4a4a5b1c1e6b5a6a7tsb6tsc5tse2d2e1d1e3f1d6c6c7b7b8a8c8d8d7f3e7e8f2g3f4f5f6f7f8g8g1tsg2h1g4g5g6g7h7h2h3h4h5h6h8ts,-26
d3c3b3b2b1a1c4a3a2b4a4a5b5c1c2b6a6a7b7b8e6c5tse2d2e1d1e3f1d6c6c7a8c8d8d7f3e7e8f2g3f4f5f6f7f8g8g1tsg2h1g4g5g6g7h7h2h3h4h5h6h8ts,-26
e6d6c3d3c2b2a1d2c4a2a3b3b1c1b4a4a5b5a6b6b7c5c6a7a8b8c7c8d1e1d7d8e2e3e7e8f1tsf2f3f4f5f6f7f8g2g3g4g5g6g7g8h1g1h2h3h4h5h6h7h8ts,40
f5d6c3d3c2b2a1d2c4a2a3b3b1c1b4a4a5b5a6b6b7c5c6a7a8b8c7c8d1e1d7d8e2e3e6e7e8g4f1tsf2f3f4f6f7g1g2g3g5f8g6g7g8tsh1tsh2h3h4h5h6h7h8ts,46
f5f4c3c4b3b2a1b4a5a2a3a4b5a6a7b1c1c2b6c6c5d6c7b7b8a8c8d8d3d2d7e3d1e6e7e8f2e2f1e1f3g1f6f7f8g8g2g3g4g5g6g7h1h2h3h4h5tsh6tsh7ts,45
f5f6c4c3c2b2a2a1d3a3b3b4a4a5b1c1e6b5a6a7f7b6tsc5tse2d2e1d1e3f1d6c6c7b7b8a8c8d8d7f3e7e8f2g3f4tsf8g4g1g5g2g6g7g8tsh1h2h3h4h5h6h7h8ts,-16
f5f6d3c3b3b2b1a1c4a3a2b4a4a5b5c1c2b6a6a7b7b8e6c5f7e2d2e1d1e3f1d6c6c7a8c8d8d7f3e7e8f2g3f4tsf8g4g1g5g2g6g7g8tsh1h2h3h4h5h6h7h8ts,-16
f5f6e6d6c3b2c4b3a1b1a3a2b4a4a5b5a6b6c1d2b7c5c6a7a8b8c2d3c7e3c8f4e1d1e2f1d7d8e7e8f2f3f7f8g1g2g3g4g5g6g7h1g8h3h2h5h4h7h6tsh8ts,52
f5f6f7c5b5b6b7a5b4a3b3a7c3b2a1b1c1b8tsd2e3e1tsf2c4d3a2d6a4e6a6g4a8f8c2tsc6tsc8tse2d1e7d7c7f1d8f3e8tsf4tsg1g2g3h1g5g6g7g8h8h2h3h4h5h6h7ts,36
f5f6f7d6c3d3c2b2a1d2c4a2a3b3b1c1b4a4a5b5a6b6b7c5c6a7a8b8c7c8d1e1d7d8e2e3e6e7e8g4f1f8f2f3f4g3g2g1g5g6g7g8h1h2h3h4h5h6h7h8ts,34
f5f6f7e3c3c4b3b2a1b4a5a2a3a4b5a6a7b1c1c2b6c6c5d6c7b7b8a8c8d7d3d2e1d1e2d8e6f1e7e8f2f3f4f8g1g2g3g4g5h1g6g7g8h2h3h4h5h6h7h8ts,12
f5f6f7f4c3c4b3b2a1b4a5a2a3a4b5a6a7b1c1c2b6c6c5d6c7b7b8a8c8d8d3d2d7e3d1e6e7e8f2e2f1e1f3g1f8g2g3g4g5g6g7g8h1tsh2tsh3h4h5h6h7ts,39
f5f6f7g5c3c5b6b2a1b5a5d3d2c2c1b1e3a2a3b3c4a4f4a6a7c6b4b7a8b8c7c8d1e1d6d7d8e7e2e6e8f3f1f2f8g8g1g2g3g4g6g7h6h1h2h3h4h5h8h7ts,20
f5f6f7g7c4c3c2b2a2a1d3a3b3b4a4a5b1c1e6b5a6a7g6b6g8c5tse2d2e1d1e3f1d6c6c7b7b8a8c8d8d7f3e7e8f2g3f4tsf8g4g1g5g2h1h2h3h4h5h6h7h8ts,-20
f5f6f7g7d3c3b3b2b1a1c4a3a2b4a4a5b5c1c2b6a6a7b7b8e6c5g6e2d2e1d1e3f1d6c6c7a8c8d8d7f3e7e8f2g3f4g8f8g4g1g5g2h1h2h3h4h5h6h7h8ts,-20
f5f6f7g7e6d6c3b2c4c5a1c2b3a2a3a4a5d3b1b4b5b6b7a7c6b8a6c1a8c7c8d2d1e1d7d8e2e3e7e8f1f4f2f3f8g1g2g3g4g5g6h7h1tsg8h2h3h4h5h6h8ts,48
f5f6f7g7h7c5b5b6b7a5b4a3b3a7c3b2a1b1c1b8tsd2e3e1tsf2c4d3a2d6a4e6a6g4a8f8c2h6c6h8c8tse2d1e7d7c7f1d8f3e8tsf4tsg1g2g3h1g5g6g8h2h3h4h5ts,36
f5f6f7g7h7d6c3d3c2b2a1d2c4a2a3b3b1c1b4a4a5b5a6b6b7c5c6a7a8b8c7c8d1e1d7d8e2e3e6e7e8g4f1f8f2f3f4g3g2g1g5g6g8h8h1h2h3h4h5h6ts,36
f5f6f7g7h7e3c3c4b3b2a1b4a5a2a3a4b5a6a7b1c1c2b6c6c5d6c7b7b8a8c8d7d3d2e1d1e2d8e6f1e7e8f2f3f4f8g1g2g3g4g5h1g6g8h2h3h4h5h6h8ts,22
f5f6f7g7h7f4c3c4b3b2a1b4a5a2a3a4b5a6a7b1c1c2b6c5c6b7b8a8c7c8e3d2d6f8e1h6e7d8d7d3e2d1e6f1e8f2f3g2g1g3g4g5g6g8h5h1h2h3h4h8ts,6
f5f6f7g7h7f8c3f4e7b2a1c4b3b4a5a2a3a4b5a6a7b1c1c2b6c5c6b7b8a8c7c8e3d2d6h6e1d7d8e6e2d3e8d1f3f1f2g1g2g3g4g5g6h8g8tsh1h2h3h4h5ts,36
f5f6f7g7h7g5c3c5b6b2a1b5a5d3d2c2c1b1e3a2a3b3c4a4f4a6a7c6b4b7a8b8c7c8d1e1d6d7d8e7e2e6e8f3f1f2f8g8g1g2g3g4g6h1h2h3h4h5h6h8ts,22
f5f6f7g7h7h8c4c3c2b2a2a1d3a3b3b4a4a5b1c1e6b5a6a7g6b6g8c5tse2d2e1d1e3f1d6c6c7b7b8a8c8d8d7f3e7e8f2g3f4tsf8g4g1g5g2h1h2h3h4h5h6ts,-26
f5f6f7g7h7h8d3c3b3b2b1a1c4a3a2b4a4a5b5c1c2b6a6a7b7b8e6c5g6e2d2e1d1e3f1d6c6c7a8c8d8d7f3e7e8f2g3f4g8f8g4g1g5g2h1h2h3h4h5h6ts,-26
f5f6f7g7h7h8e6d6c3b2c4c5a1c2b3a2a3a4a5d3b1b4b5b6b7a7c6b8a6c1a8c7c8d2d1e1d7d8e2e3e7e8f1f4f2f3f8g1g2g3g4g5g6h6g8tsh1tsh2h3h4h5ts,46
f5f6f7g7h7h8e6e7c3b2c4b3a1b1a3a2b4a4a5b5a6b6c1d2b7c5c6a7a8b8c2d6c7d3c8e3d7d8e1d1e2f1e8f2f3f4g1f8g2h6g3g4g5g6g8h1h2h3h4h5ts,36
f5f6f7g7h7h8e6f4c3b2d3c2a1a2a3b3c1b1c4b4a4c5a5b5c6a6a7b6c7b7c8a8d6b8d7d1d2d8e1e7e2e3e8f1f2f3g1f8g2g3g4g5g6h1g8h2h3h4h5h6ts,14
f5f6f7g7h7h8e6f8c3b2c4b3a1b1a3a2b4a4a5b5a6b6c1d2b7c5c6a7a8b8c2d6c7d3c8e3d7d8e1d1e2f1e7e8f2f3f4g4g1g2g3g6g5h1g8h3h2h4h5h6ts,36
f5f6f7g7h7h8e6h6c3b2c4c5a1c2b3a2a3a4a5d6b5b4b1d3c1a6a7e3b6e7c6b7b8a8c7c8d7d8e2d2e1d1e8f1f2f3f4f8g1g2g3g4g5g6g8h1h2h3h4h5ts,10
f5f6f7g7h7h8e6h6c4c3c2b2a2a1d3a3b3b4a4a5b1c1g6b5a6a7g8b6tsc5c6c7b7b8a8c8d8d6d7e2d2e1d1e3f1e7e8f2f3f4f8g1g2g3g4g5h1h2h3h4h5ts,-18
f5f6f7g7h7h8e6h6d3c3b3b2b1a1c4a3a2b4a4a5b5c1c2b6a6a7b7b8g6c5c6c7a8c8d8d6d7e2d2e1d1e3f1e7e8f2f3f4f8g1g2g3g4g5h1g8h2h3h4h5ts,-30
f5f6f7g7h7h8e6h6g6d3c3b2d2c2a1a2a3b3b4b5a5c4b1a4b6a6a7b7b8c5d1c1d6c6d7a8c7c8d8e1e2e3f1e7e8f2f3f4f8g1g2g3g4g5h1g8h2h3h4h5ts,14
f5f6f7g7h7h8e6h6g6d6c3b2c4c5a1c2b3a2a3a4a5d3c1b1c6b4d1b5b6a6a7d2b7a8b8c8c7e1e2e3d7d8e7e8f1f2f3f4f8g1g2g3g4g5h1g8h2h3h4h5ts,18
f5f6f7g7h7h8e6h6g6e7c3b2c4b3a1b1a3a2b4a4a5b5a6b6c1d2b7c5c6a7a8b8c2d3c7d6c8tse1d1e2f1d7d8e3f3e8f4f2f8g1tsg2h1g3g4g5h4g8h2h3h5ts,38
f5f6f7g7h7h8e6h6g6f4c3b2d3c2a1a2a3b3c1b1c4b4a4c5a5b5c6a6a7b6c7b7c8a8d6b8d7d1d2d8e1e7e2e3e8f1f2f3g1f8g2g3g4g5g8h1h2h3h4h5ts,0
f5f6f7g7h7h8e6h6g6g5c3b2c4c5a1c2b3a2a3a4a5d3b5a6a7c6b4d6b1e3b6e7c1tsc7b7b8a8c8d8d7tsd2d1e1tse2tse8f2f3f4g1f1g2f8g3g4g8h1h2h3h4h5ts,14
f5f6f7g7h7h8e6h6g6g5c4c3c2b2a2a1d3a3b3b1c1b4a4a5b5a6b6b7c5c6a7a8b8c7c8d1e2d2e3d6d7d8e7e8g4e1f1f2f3f4f8g1g8g2g3h2h1h3h4h5ts,-36
f5f6f7g7h7h8e6h6g6g5d3c2d2c3b1c1b2a1a2a3b3b4a4a5b5b6e3c4a6a7b7b8c5c6a8c7c8d6d7e1d1e2f1d8e7e8f8f2f3f4g3g1g2g4g8tsh1h2h3h4h5ts,-10
f5f6f7g7h7h8e6h6g6g5h4d3c3b2d2c2a1a2a3b3b4b5a5c4b1a4b6a6a7b7b8c5d1c1d6c6d7a8c7c8d8e1e2e3e7e8f1f2f3f4f8g1g2g3g4g8h1h2h3h5ts,10
f5f6f7g7h7h8e6h6g6g5h5d3c3b2d2c2a1a2a3b3b4b5a5c4b1a4b6a6a7b7b8c5d1c1d6c6d7a8c7c8d8e1e2e3e7e8f1f2f3f4f8g1g2g3g4g8h1h2h3h4ts,10
f5f6f7g7h7h8e6h6g6g5h5d6c3b2c4c5a1c2b3a2a3a4a5d3b5a6a7b4b1c1b6d2c6c7b7d7b8a8c8d8d1e7e1e3e2f4e8f2f3f8g1f1g2h1g3g4g8h4h2h3ts,10
f5f6f7g7h7h8e6h6g6g5h5e7c3b2c4b3a1b1a3a2b4a4a5b5a6b6c1d2b7c5c6a7a8b8c2d3c7d6c8f4e1d1e2f1d7d8e3f3e8f8f2g3g1h4g2h1g4h2g8tsh3ts,38
f5f6f7g7h7h8e6h6g6g5h5f4c3b2d3c2a1a2a3b3c1b1c4b4a4c5a5b5c6a6a7b6c7b7c8a8d6b8d7d1d2d8e1e7e2e3e8f1f2f3g1f8g2g3g4h1g8h2h3h4ts,14
f5f6f7g7h7h8e6h6g6g5h5g4c3b2c4c5a1c2b3a2a3a4a5d3b5a6a7c6b4d6b1e3b6e7c1h4c7b7b8a8c8d8d7tsd2d1e1tse2tse8f2f3f4g1f1g2f8g3h1g8h2h3ts,8
f5f6f7g7h7h8e6h6g6g5h5h4c3b2c4c5a1c2b3a2a3a4a5d3b5a6a7c6b4d6b1e3b6e7c1f4c7b7b8a8c8d8d7tsd2d1e1tse2tse8f2f3f8f1g1g2g3g4h3g8tsh1tsh2ts,18
f5f6f7g7h7h8e6h6g6g5h5h4c4c3c2b2a2a1d3a3b3b1c1b4a4a5b5a6b6b7c5c6a7a8b8c7c8d1e2d2e3d6d7d8e7e8f4e1f1f2f3g1f8g2g3g4h3g8h1h2ts,-52
f5f6f7g7h7h8e6h6g6g5h5h4d3c2d2c3b1c1b2a1a2a3b3b4a4a5b5b6e3c4a6a7b7b8c5c6a8c7c8d6d7e1d1e2e7d8e8f8f1g1f3f4g3f2g2g4g8h1tsh2tsh3ts,-26
f5f6f7g7h7h8e6h6g6g5h5h4g8c5c3b2c4d3a1b3a2a3a4b1b5a5a6b4c1b6b7a7a8b8c2d2c6d6c8e3d7d8e1d1e2e7c7f1e8f2f3f4g1f8g2tsg3g4h3h1h2ts,32
f5f6f7g7h7h8e6h6g6g5h5h4g8d3c3b2d2c2a1a2a3b3b4b5a5c4b1a4b6a6a7b7b8c5d1c1d6c6d7a8c7c8d8e1e2e3e7e8f1f2f3f4f8g1g2g3g4h3h1h2ts,14
f5f6f7g7h7h8e6h6g6g5h5h4g8d6c3b2a1d3c4b3a2a3a4b1c1b4b5a5a6b6b7c5c6a7a8b8c2c7c8d7e2d2e1d1e3d8e7e8f4f1f8f2f3g2g1g4g3h1h2h3ts,34
f5f6f7g7h7h8e6h6g6g5h5h4g8e7c3b2c4b3a1b1a2b4a3c5a4b5a5b6a6d2a7b7c1c6a8b8c2d3c7c8d1d6d7d8e3e1e2e8f1f2f3f4f8g1g2g3g4h3h1tsh2ts,38
f5f6f7g7h7h8e6h6g6g5h5h4g8e8c3b2c4b3a1b1a2b4a3c5a4b5a5b6a6d2a7b7c1c6a8b8c2d3c7c8d1d6d7e1d8e2e3e7f1f2f3f4f8g1g2g3g4h3h1tsh2ts,42
f5f6f7g7h7h8e6h6g6g5h5h4g8f4c3b2d3c2a1a2a3b3c1b1c4b4a4c5a5b5c6a6a7b6c7b7c8a8d6b8d7d1d2d8e1e7e2e3e8f1f2f3g1f8g2g3g4h1h2h3ts,-8
f5f6f7g7h7h8e6h6g6g5h5h4g8f8c3b2c4b3a1b1a3a2b4a4a5b5a6b6c1d2b7c5c6a7a8b8c2d3c7d6c8f4e1d1e2f1d7d8e3f3e7e8f2g3g1tsg2tsg4h2h3tsh1ts,30
f5f6f7g7h7h8e6h6g6g5h5h4g8f8c4b3b4b5a2b2a4c3a6a5b1a1c2a3c5a7d3c1d6b6e8c6b7b8a8c7c8d2d7d8e7e3f3f4d1e1f2e2g3f1g1g2g4h1tsh3h2ts,-26
f5f6f7g7h7h8e6h6g6g5h5h4g8f8d3c2d2c3b1c1b2a1a2a3b3b4a4a5b5b6e3c4a6a7b7b8c5c6a8c7c8e1d1e2d6d7d8e7f1f2e8f3f4g1g2g3g4h3h1h2ts,-38
f5f6f7g7h7h8e6h6g6g5h5h4g8f8d3c3b3b2b1a1c4a2a3a4b4b5a5a6b6b7b8c1c5c2d2c6a7a8c7c8d6d7d8e1d1e2e3e7e8f2f1f3f4g1g4g2tsg3h3h2ts,-49
f5f6f7g7h7h8e6h6g6g5h5h4g8f8d3c4b4b3b2a2b5b1c5a5a6a3a4a7b6b7c6c2a8b8a1c3c1d1c7c8d2d6d7d8e1e7e2e3e8f1f2f3f4g3g1tsg2h1g4h2h3ts,28
f5f6f7g7h7h8e6h6g6g5h5h4g8f8d3c5b6b5b4a3b3a5c4a2a6a7b2b1a4c2a1c3a8e7c1tsb7tsc6tsd6c7c8b8d7d8e2d2e1d1e3f1e8f3f2f4g1tsg2tsg3tsg4ts,45
f5f6f7g7h7h8e6h6g6g5h5h4g8f8d3d6c7c2d2c3b1b8b3b2a2a1b4a3d7b5a4a5b6b7a7c1c5c4a6a8e3c6e7c8d8e1d1e2f1e8f2f3f4g1tsg2tsg3g4h3h1h2ts,-50
f5f6f7g7h7h8e6h6g6g5h5h4g8f8d3e7e8c2d2c3b1c1b2a1a2a3b3b4a4a5b5b6e3c4a6a7b7b8c5c6a8c7c8d6d7d8g4d1tse2f3f4g3f2e1f1g1g2h1h2h3ts,-22
f5f6f7g7h7h8e6h6g6g5h5h4g8f8d3e8tsc2d2c3b1c1b2a1a2a3b3b4a4a5b5b6e3c4a6a7b7b8c5c6a8c7c8e1d1e2d6d7d8e7f1f2f3f4g3g1g2g4h1h2h3ts,-26
f5f6f7g7h7h8e6h6g6g5h5h4g8f8d3f4e8c2b1c3b3b2a2a1c4a3f3b4a4a5d6b5a6a7g4b6b7c1e7b8tsc5c6c7a8c8d7d8tsd2tse2f2e3d1e1g3f1g2g1h1h2h3ts,-38
f5f6f7g7h7h8e6h6g6g5h5h4g8f8d3g4h3c2d2c3b1c1b2a1a2a3b3b4a4a5b5b6e3c4a6a7b7b8c5c6a8c7c8e1d1e2d6d7d8e7f1f2e8f3f4g1g2g3h1h2ts,-40
f5f6f7g7h7h8e6h6g6g5h5h4g8f8d3g4h3c3b3b2b1a1c4a2a3a4b4b5a5a6b6b7b8c1c5c2d2c6a7a8c7c8d6d7d8e1d1e2e3e7e8f2f1f3f4g1tsg2tsg3tsh2ts,-53
f5f6f7g7h7h8e6h6g6g5h5h4g8f8d3g4h3c4b4b3b2a2b5b1c5a5a6a3a4a7b6b7c6c2a8b8a1c3c1d1c7c8d2d6d7d8e1e7e2e3e8f1f2f3f4g3g1h2g2h1ts,8
f5f6f7g7h7h8e6h6g6g5h5h4g8f8d3g4h3c5b6b5b4a3b3a5c4a2a6a7b2b1a4c2a1c3a8e7c1f3b7h2c6tse2d1d6c7c8b8d7d8e1d2e3tse8f4g2f1g1f2g3h1ts,22
f5f6f7g7h7h8e6h6g6g5h5h4g8f8d3g4h3d6c7c2d2c3b1b8b3b2a2a1b4a3d7b5a4a5b6b7a7c1c5c4a6a8e3c6e7c8tsd1tsd8e8f2e2f1e1f3g1f4g3g2tsh1tsh2ts,-58
f5f6f7g7h7h8e6h6g6g5h5h4g8f8d3g4h3e7e8c2d2c3b1c1b2a1a2a3b3b4a4a5b5b6e3c4a6a7b7b8c5c6a8c7c8d6d7d8tsd1tse2f3f4g3f2e1f1g1g2h1h2ts,-36
f5f6f7g7h7h8e6h6g6g5h5h4g8f8d3g4h3e8tsc2d2c3b1c1b2a1a2a3b3b4a4a5b5b6e3c4a6a7b7b8c5c6a8c7c8e1d1e2d6d7d8e7f1f2f3f4g3g1g2h1h2ts,-32
f5f6f7g7h7h8e6h6g6g5h5h4g8f8d3g4h3f3g2c2d2c3b1c1b2a1a2a3b3b4a4a5b5b6e3c4a6a7b7b8c5c6a8c7c8e1d1e2d6d7d8e7f1f2e8f4g3g1h1h2ts,-32
f5f6f7g7h7h8e6h6g6g5h5h4g8f8d3g4h3f4g3c2d2c3b1c1b2a1a2a3b3b4a4a5b5b6c4c5a6a7b7b8c6c7a8c8d6d7d8e1d1e2e7e3f1e8f3f2g2g1h1h2ts,-46
f5f6f7g7h7h8e6h6g6g5h5h4g8f8d3g4h3g3f3c2d2c3b1c1b2a1a2a3b3b4a4a5b5b6e3c4a6a7b7b8c5c6a8c7c8e1d1e2d6d7d8e7f1f2e8f4g2g1h1h2ts,-38
f5f6f7g7h7h8e6h6g6g5h5h4g8f8d3g4h3h2tsc2d2c3b1c1b2a1a2a3b3b4a4a5b5b6e3c4a6a7b7b8c5c6a8c7c8e1d1e2d6d7d8e7f1f2e8f3f4g1g2g3h1ts,-38
