d3c3b3b2b1a1c4a3a2b4a4a5b5c1c2b6a6a7b7b8e6c5tse2d2e1d1e3f1d6c6c7a8c8d8d7f3e7e8f2g3f4f5f6f7f8g8g1tsg2h1g4g5g6g7h7h2h3h4h5h6h8ts,-26
e6d6c3d3c2b2a1d2c4a2a3b3b1c1b4a4a5b5a6b6b7c5c6a7a8b8c7c8d1e1d7d8e2e3e7e8f1tsf2f3f4f5f6f7f8g2g3g4g5g6g7g8h1g1h2h3h4h5h6h7h8ts,40
f5d6c3d3c2b2a1d2c4a2a3b3b1c1b4a4a5b5a6b6b7c5c6a7a8b8c7c8d1e1d7d8e2e3e6e7e8g4f1tsf2f3f4f6f7g1g2g3g5f8g6g7g8tsh1tsh2h3h4h5h6h7h8ts,46
f5f4c3c4b3b2a1b4a5a2a3a4b5a6a7b1c1c2b6c6c5d6c7b7b8a8c8d8d3d2d7e3d1e6e7e8f2e2f1e1f3g1f6f7f8g8g2g3g4g5g6g7h1h2h3h4h5tsh6tsh7ts,45
f5f6c4c3c2b2a2a1d3a3b3b4a4a5b1c1e6b5a6a7f7b6tsc5tse2d2e1d1e3f1d6c6c7b7b8a8c8d8d7f3e7e8f2g3f4tsf8g4g1g5g2g6g7g8tsh1h2h3h4h5h6h7h8ts,-16
f5f6d3c3b3b2b1a1c4a3a2b4a4a5b5c1c2b6a6a7b7b8e6c5f7e2d2e1d1e3f1d6c6c7a8c8d8d7f3e7e8f2g3f4tsf8g4g1g5g2g6g7g8tsh1h2h3h4h5h6h7h8ts,-16
f5f6e6d6c3b2c4b3a1b1a3a2b4a4a5b5a6b6c1d2b7c5c6a7a8b8c2d3c7e3c8f4e1d1e2f1d7d8e7e8f2f3f7f8g1g2g3g4g5g6g7h1g8h3h2h5h4h7h6tsh8ts,52
f5f6f7c5b5b6b7a5b4a3b3a7c3b2a1b1c1b8tsd2e3e1tsf2c4d3a2d6a4e6a6g4a8f8c2tsc6tsc8tse2d1e7d7c7f1d8f3e8tsf4tsg1g2g3h1g5g6g7g8h8h2h3h4h5h6h7ts,36
f5f6f7d6c3d3c2b2a1d2c4a2a3b3b1c1b4a4a5b5a6b6b7c5c6a7a8b8c7c8d1e1d7d8e2e3e6e7e8g4f1f8f2f3f4g3g2g1g5g6g7g8h1h2h3h4h5h6h7h8ts,34
f5f6f7e3c3c4b3b2a1b4a5a2a3a4b5a6a7b1c1c2b6c6c5d6c7b7b8a8c8d7d3d2e1d1e2d8e6f1e7e8f2f3f4f8g1g2g3g4g5h1g6g7g8h2h3h4h5h6h7h8ts,12
f5f6f7f4c3c4b3b2a1b4a5a2a3a4b5a6a7b1c1c2b6c6c5d6c7b7b8a8c8d8d3d2d7e3d1e6e7e8f2e2f1e1f3g1f8g2g3g4g5g6g7g8h1tsh2tsh3h4h5h6h7ts,39
f5f6f7g5c3c5b6b2a1b5a5d3d2c2c1b1e3a2a3b3c4a4f4a6a7c6b4b7a8b8c7c8d1e1d6d7d8e7e2e6e8f3f1f2f8g8g1g2g3g4g6g7h6h1h2h3h4h5h8h7ts,20
f5f6f7g7c4c3c2b2a2a1d3a3b3b4a4a5b1c1e6b5a6a7g6b6g8c5tse2d2e1d1e3f1d6c6c7b7b8a8c8d8d7f3e7e8f2g3f4tsf8g4g1g5g2h1h2h3h4h5h6h7h8ts,-20
f5f6f7g7d3c3b3b2b1a1c4a3a2b4a4a5b5c1c2b6a6a7b7b8e6c5g6e2d2e1d1e3f1d6c6c7a8c8d8d7f3e7e8f2g3f4g8f8g4g1g5g2h1h2h3h4h5h6h7h8ts,-20
f5f6f7g7e6d6c3b2c4c5a1c2b3a2a3a4a5d3b1b4b5b6b7a7c6b8a6c1a8c7c8d2d1e1d7d8e2e3e7e8f1f4f2f3f8g1g2g3g4g5g6h7h1tsg8h2h3h4h5h6h8ts,48
f5f6f7g7h7c5b5b6b7a5b4a3b3a7c3b2a1b1c1b8tsd2e3e1tsf2c4d3a2d6a4e6a6g4a8f8c2h6c6h8c8tse2d1e7d7c7f1d8f3e8tsf4tsg1g2g3h1g5g6g8h2h3h4h5ts,36
f5f6f7g7h7d6c3d3c2b2a1d2c4a2a3b3b1c1b4a4a5b5a6b6b7c5c6a7a8b8c7c8d1e1d7d8e2e3e6e7e8g4f1f8f2f3f4g3g2g1g5g6g8h8h1h2h3h4h5h6ts,36
f5f6f7g7h7e3c3c4b3b2a1b4a5a2a3a4b5a6a7b1c1c2b6c6c5d6c7b7b8a8c8d7d3d2e1d1e2d8e6f1e7e8f2f3f4f8g1g2g3g4g5h1g6g8h2h3h4h5h6h8ts,22
f5f6f7g7h7f4c3c4b3b2a1b4a5a2a3a4b5a6a7b1c1c2b6c5c6b7b8a8c7c8e3d2d6f8e1h6e7d8d7d3e2d1e6f1e8f2f3g2g1g3g4g5g6g8h5h1h2h3h4h8ts,6
f5f6f7g7h7f8c3f4e7b2a1c4b3b4a5a2a3a4b5a6a7b1c1c2b6c5c6b7b8a8c7c8e3d2d6h6e1d7d8e6e2d3e8d1f3f1f2g1g2g3g4g5g6h8g8tsh1h2h3h4h5ts,36
f5f6f7g7h7g5c3c5b6b2a1b5a5d3d2c2c1b1e3a2a3b3c4a4f4a6a7c6b4b7a8b8c7c8d1e1d6d7d8e7e2e6e8f3f1f2f8g8g1g2g3g4g6h1h2h3h4h5h6h8ts,22
f5f6f7g7h7h8c4c3c2b2a2a1d3a3b3b4a4a5b1c1e6b5a6a7g6b6g8c5tse2d2e1d1e3f1d6c6c7b7b8a8c8d8d7f3e7e8f2g3f4tsf8g4g1g5g2h1h2h3h4h5h6ts,-26
f5f6f7g7h7h8d3c3b3b2b1a1c4a3a2b4a4a5b5c1c2b6a6a7b7b8e6c5g6e2d2e1d1e3f1d6c6c7a8c8d8d7f3e7e8f2g3f4g8f8g4g1g5g2h1h2h3h4h5h6ts,-26
f5f6f7g7h7h8e6d6c3b2c4c5a1c2b3a2a3a4a5d3b1b4b5b6b7a7c6b8a6c1a8c7c8d2d1e1d7d8e2e3e7e8f1f4f2f3f8g1g2g3g4g5g6h6g8tsh1tsh2h3h4h5ts,46
f5f6f7g7h7h8e6e7c3b2c4b3a1b1a3a2b4a4a5b5a6b6c1d2b7c5c6a7a8b8c2d6c7d3c8e3d7d8e1d1e2f1e8f2f3f4g1f8g2h6g3g4g5g6g8h1h2h3h4h5ts,36
f5f6f7g7h7h8e6f4c3b2d3c2a1a2a3b3c1b1c4b4a4c5a5b5c6a6a7b6c7b7c8a8d6b8d7d1d2d8e1e7e2e3e8f1f2f3g1f8g2g3g4g5g6h1g8h2h3h4h5h6ts,14
f5f6f7g7h7h8e6f8c3b2c4b3a1b1a3a2b4a4a5b5a6b6c1d2b7c5c6a7a8b8c2d6c7d3c8e3d7d8e1d1e2f1e7e8f2f3f4g4g1g2g3g6g5h1g8h3h2h4h5h6ts,36
f5f6f7g7h7h8e6h6c3b2c4c5a1c2b3a2a3a4a5d6b5b4b1d3c1a6a7e3b6e7c6b7b8a8c7c8d7d8e2d2e1d1e8f1f2f3f4f8g1g2g3g4g5g6g8h1h2h3h4h5ts,10
f5f6f7g7h7h8e6h6c4c3c2b2a2a1d3a3b3b4a4a5b1c1g6b5a6a7g8b6tsc5c6c7b7b8a8c8d8d6d7e2d2e1d1e3f1e7e8f2f3f4f8g1g2g3g4g5h1h2h3h4h5ts,-18
f5f6f7g7h7h8e6h6d3c3b3b2b1a1c4a3a2b4a4a5b5c1c2b6a6a7b7b8g6c5c6c7a8c8d8d6d7e2d2e1d1e3f1e7e8f2f3f4f8g1g2g3g4g5h1g8h2h3h4h5ts,-30
f5f6f7g7h7h8e6h6g6d3c3b2d2c2a1a2a3b3b4b5a5c4b1a4b6a6a7b7b8c5d1c1d6c6d7a8c7c8d8e1e2e3f1e7e8f2f3f4f8g1g2g3g4g5h1g8h2h3h4h5ts,14
f5f6f7g7h7h8e6h6g6d6c3b2c4c5a1c2b3a2a3a4a5d3c1b1c6b4d1b5b6a6a7d2b7a8b8c8c7e1e2e3d7d8e7e8f1f2f3f4f8g1g2g3g4g5h1g8h2h3h4h5ts,18
f5f6f7g7h7h8e6h6g6e7c3b2c4b3a1b1a3a2b4a4a5b5a6b6c1d2b7c5c6a7a8b8c2d3c7d6c8tse1d1e2f1d7d8e3f3e8f4f2f8g1tsg2h1g3g4g5h4g8h2h3h5ts,38
f5f6f7g7h7h8e6h6g6f4c3b2d3c2a1a2a3b3c1b1c4b4a4c5a5b5c6a6a7b6c7b7c8a8d6b8d7d1d2d8e1e7e2e3e8f1f2f3g1f8g2g3g4g5g8h1h2h3h4h5ts,0
f5f6f7g7h7h8e6h6g6g5c3b2c4c5a1c2b3a2a3a4a5d3b5a6a7c6b4d6b1e3b6e7c1tsc7b7b8a8c8d8d7tsd2d1e1tse2tse8f2f3f4g1f1g2f8g3g4g8h1h2h3h4h5ts,14
f5f6f7g7h7h8e6h6g6g5c4c3c2b2a2a1d3a3b3b1c1b4a4a5b5a6b6b7c5c6a7a8b8c7c8d1e2d2e3d6d7d8e7e8g4e1f1f2f3f4f8g1g8g2g3h2h1h3h4h5ts,-36
f5f6f7g7h7h8e6h6g6g5d3c2d2c3b1c1b2a1a2a3b3b4a4a5b5b6e3c4a6a7b7b8c5c6a8c7c8d6d7e1d1e2f1d8e7e8f8f2f3f4g3g1g2g4g8tsh1h2h3h4h5ts,-10
f5f6f7g7h7h8e6h6g6g5h4d3c3b2d2c2a1a2a3b3b4b5a5c4b1a4b6a6a7b7b8c5d1c1d6c6d7a8c7c8d8e1e2e3e7e8f1f2f3f4f8g1g2g3g4g8h1h2h3h5ts,10
f5f6f7g7h7h8e6h6g6g5h5d3c3b2d2c2a1a2a3b3b4b5a5c4b1a4b6a6a7b7b8c5d1c1d6c6d7a8c7c8d8e1e2e3e7e8f1f2f3f4f8g1g2g3g4g8h1h2h3h4ts,10
f5f6f7g7h7h8e6h6g6g5h5d6c3b2c4c5a1c2b3a2a3a4a5d3b5a6a7b4b1c1b6d2c6c7b7d7b8a8c8d8d1e7e1e3e2f4e8f2f3f8g1f1g2h1g3g4g8h4h2h3ts,10
f5f6f7g7h7h8e6h6g6g5h5e7c3b2c4b3a1b1a3a2b4a4a5b5a6b6c1d2b7c5c6a7a8b8c2d3c7d6c8f4e1d1e2f1d7d8e3f3e8f8f2g3g1h4g2h1g4h2g8tsh3ts,38
f5f6f7g7h7h8e6h6g6g5h5f4c3b2d3c2a1a2a3b3c1b1c4b4a4c5a5b5c6a6a7b6c7b7c8a8d6b8d7d1d2d8e1e7e2e3e8f1f2f3g1f8g2g3g4h1g8h2h3h4ts,14
f5f6f7g7h7h8e6h6g6g5h5g4c3b2c4c5a1c2b3a2a3a4a5d3b5a6a7c6b4d6b1e3b6e7c1h4c7b7b8a8c8d8d7tsd2d1e1tse2tse8f2f3f4g1f1g2f8g3h1g8h2h3ts,8
f5f6f7g7h7h8e6h6g6g5h5h4c3b2c4c5a1c2b3a2a3a4a5d3b5a6a7c6b4d6b1e3b6e7c1f4c7b7b8a8c8d8d7tsd2d1e1tse2tse8f2f3f8f1g1g2g3g4h3g8tsh1tsh2ts,18
f5f6f7g7h7h8e6h6g6g5h5h4c4c3c2b2a2a1d3a3b3b1c1b4a4a5b5a6b6b7c5c6a7a8b8c7c8d1e2d2e3d6d7d8e7e8f4e1f1f2f3g1f8g2g3g4h3g8h1h2ts,-52
f5f6f7g7h7h8e6h6g6g5h5h4d3c2d2c3b1c1b2a1a2a3b3b4a4a5b5b6e3c4a6a7b7b8c5c6a8c7c8d6d7e1d1e2e7d8e8f8f1g1f3f4g3f2g2g4g8h1tsh2tsh3ts,-26
f5f6f7g7h7h8e6h6g6g5h5h4g8c5c3b2c4d3a1b3a2a3a4b1b5a5a6b4c1b6b7a7a8b8c2d2c6d6c8e3d7d8e1d1e2e7c7f1e8f2f3f4g1f8g2tsg3g4h3h1h2ts,32
f5f6f7g7h7h8e6h6g6g5h5h4g8d3c3b2d2c2a1a2a3b3b4b5a5c4b1a4b6a6a7b7b8c5d1c1d6c6d7a8c7c8d8e1e2e3e7e8f1f2f3f4f8g1g2g3g4h3h1h2ts,14
f5f6f7g7h7h8e6h6g6g5h5h4g8d6c3b2a1d3c4b3a2a3a4b1c1b4b5a5a6b6b7c5c6a7a8b8c2c7c8d7e2d2e1d1e3d8e7e8f4f1f8f2f3g2g1g4g3h1h2h3ts,34
f5f6f7g7h7h8e6h6g6g5h5h4g8e7c3b2c4b3a1b1a2b4a3c5a4b5a5b6a6d2a7b7c1c6a8b8c2d3c7c8d1d6d7d8e3e1e2e8f1f2f3f4f8g1g2g3g4h3h1tsh2ts,38
f5f6f7g7h7h8e6h6g6g5h5h4g8e8c3b2c4b3a1b1a2b4a3c5a4b5a5b6a6d2a7b7c1c6a8b8c2d3c7c8d1d6d7e1d8e2e3e7f1f2f3f4f8g1g2g3g4h3h1tsh2ts,42
f5f6f7g7h7h8e6h6g6g5h5h4g8f4c3b2d3c2a1a2a3b3c1b1c4b4a4c5a5b5c6a6a7b6c7b7c8a8d6b8d7d1d2d8e1e7e2e3e8f1f2f3g1f8g2g3g4h1h2h3ts,-8
f5f6f7g7h7h8e6h6g6g5h5h4g8f8c3b2c4b3a1b1a3a2b4a4a5b5a6b6c1d2b7c5c6a7a8b8c2d3c7d6c8f4e1d1e2f1d7d8e3f3e7e8f2g3g1tsg2tsg4h2h3tsh1ts,30
f5f6f7g7h7h8e6h6g6g5h5h4g8f8c4b3b4b5a2b2a4c3a6a5b1a1c2a3c5a7d3c1d6b6e8c6b7b8a8c7c8d2d7d8e7e3f3f4d1e1f2e2g3f1g1g2g4h1tsh3h2ts,-26
f5f6f7g7h7h8e6h6g6g5h5h4g8f8d3c2d2c3b1c1b2a1a2a3b3b4a4a5b5b6e3c4a6a7b7b8c5c6a8c7c8e1d1e2d6d7d8e7f1f2e8f3f4g1g2g3g4h3h1h2ts,-38
f5f6f7g7h7h8e6h6g6g5h5h4g8f8d3c3b3b2b1a1c4a2a3a4b4b5a5a6b6b7b8c1c5c2d2c6a7a8c7c8d6d7d8e1d1e2e3e7e8f2f1f3f4g1g4g2tsg3h3h2ts,-49
f5f6f7g7h7h8e6h6g6g5h5h4g8f8d3c4b4b3b2a2b5b1c5a5a6a3a4a7b6b7c6c2a8b8a1c3c1d1c7c8d2d6d7d8e1e7e2e3e8f1f2f3f4g3g1tsg2h1g4h2h3ts,28
f5f6f7g7h7h8e6h6g6g5h5h4g8f8d3c5b6b5b4a3b3a5c4a2a6a7b2b1a4c2a1c3a8e7c1tsb7tsc6tsd6c7c8b8d7d8e2d2e1d1e3f1e8f3f2f4g1tsg2tsg3tsg4ts,45
f5f6f7g7h7h8e6h6g6g5h5h4g8f8d3d6c7c2d2c3b1b8b3b2a2a1b4a3d7b5a4a5b6b7a7c1c5c4a6a8e3c6e7c8d8e1d1e2f1e8f2f3f4g1tsg2tsg3g4h3h1h2ts,-50
f5f6f7g7h7h8e6h6g6g5h5h4g8f8d3e7e8c2d2c3b1c1b2a1a2a3b3b4a4a5b5b6e3c4a6a7b7b8c5c6a8c7c8d6d7d8g4d1tse2f3f4g3f2e1f1g1g2h1h2h3ts,-22
f5f6f7g7h7h8e6h6g6g5h5h4g8f8d3e8tsc2d2c3b1c1b2a1a2a3b3b4a4a5b5b6e3c4a6a7b7b8c5c6a8c7c8e1d1e2d6d7d8e7f1f2f3f4g3g1g2g4h1h2h3ts,-26
f5f6f7g7h7h8e6h6g6g5h5h4g8f8d3f4e8c2b1c3b3b2a2a1c4a3f3b4a4a5d6b5a6a7g4b6b7c1e7b8tsc5c6c7a8c8d7d8tsd2tse2f2e3d1e1g3f1g2g1h1h2h3ts,-38
f5f6f7g7h7h8e6h6g6g5h5h4g8f8d3g4h3c2d2c3b1c1b2a1a2a3b3b4a4a5b5b6e3c4a6a7b7b8c5c6a8c7c8e1d1e2d6d7d8e7f1f2e8f3f4g1g2g3h1h2ts,-40
f5f6f7g7h7h8e6h6g6g5h5h4g8f8d3g4h3c3b3b2b1a1c4a2a3a4b4b5a5a6b6b7b8c1c5c2d2c6a7a8c7c8d6d7d8e1d1e2e3e7e8f2f1f3f4g1tsg2tsg3tsh2ts,-53
f5f6f7g7h7h8e6h6g6g5h5h4g8f8d3g4h3c4b4b3b2a2b5b1c5a5a6a3a4a7b6b7c6c2a8b8a1c3c1d1c7c8d2d6d7d8e1e7e2e3e8f1f2f3f4g3g1h2g2h1ts,8
f5f6f7g7h7h8e6h6g6g5h5h4g8f8d3g4h3c5b6b5b4a3b3a5c4a2a6a7b2b1a4c2a1c3a8e7c1f3b7h2c6tse2d1d6c7c8b8d7d8e1d2e3tse8f4g2f1g1f2g3h1ts,22
f5f6f7g7h7h8e6h6g6g5h5h4g8f8d3g4h3d6c7c2d2c3b1b8b3b2a2a1b4a3d7b5a4a5b6b7a7c1c5c4a6a8e3c6e7c8tsd1tsd8e8f2e2f1e1f3g1f4g3g2tsh1tsh2ts,-58
f5f6f7g7h7h8e6h6g6g5h5h4g8f8d3g4h3e7e8c2d2c3b1c1b2a1a2a3b3b4a4a5b5b6e3c4a6a7b7b8c5c6a8c7c8d6d7d8tsd1tse2f3f4g3f2e1f1g1g2h1h2ts,-36
f5f6f7g7h7h8e6h6g6g5h5h4g8f8d3g4h3e8tsc2d2c3b1c1b2a1a2a3b3b4a4a5b5b6e3c4a6a7b7b8c5c6a8c7c8e1d1e2d6d7d8e7f1f2f3f4g3g1g2h1h2ts,-32
f5f6f7g7h7h8e6h6g6g5h5h4g8f8d3g4h3f3g2c2d2c3b1c1b2a1a2a3b3b4a4a5b5b6e3c4a6a7b7b8c5c6a8c7c8e1d1e2d6d7d8e7f1f2e8f4g3g1h1h2ts,-32
f5f6f7g7h7h8e6h6g6g5h5h4g8f8d3g4h3f4g3c2d2c3b1c1b2a1a2a3b3b4a4a5b5b6c4c5a6a7b7b8c6c7a8c8d6d7d8e1d1e2e7e3f1e8f3f2g2g1h1h2ts,-46
f5f6f7g7h7h8e6h6g6g5h5h4g8f8d3g4h3g3f3c2d2c3b1c1b2a1a2a3b3b4a4a5b5b6e3c4a6a7b7b8c5c6a8c7c8e1d1e2d6d7d8e7f1f2e8f4g2g1h1h2ts,-38
f5f6f7g7h7h8e6h6g6g5h5h4g8f8d3g4h3h2tsc2d2c3b1c1b2a1a2a3b3b4a4a5b5b6e3c4a6a7b7b8c5c6a8c7c8e1d1e2d6d7d8e7f1f2e8f3f4g1g2g3h1ts,-38
e6f4e3d2d3c3e2c4c1c6c5d1e1d6f5b4a5a3g3b2a1b3a2b1f3b5a4f1g1c2a6b6a7b7a8b8c7c8d8d7e8e7f8g2h1g4f7g8h8h2h3f2g7f6g5g6h7h4h5h6ts,44
c4c5b6b3b4b5a2a7a4a3a6a1a8a5b7c2b2c1b1c3c6b8c7c8d1d6d3d2d7d8e6e1e8e3e2e7f1f2f3f4f5f6f7f8g8g1tsg3g2g4g5g6h1g7h2h3h4h5h6h7h8ts,0
c4e3f2b4b3b2a2c5a4a3b1a1b5a5a6a7b6c1d6b7e6d3c2c3tsc6a8b8c8c7tse2d2e1d1e7d7e8d8g1f1tsf3f4f5f6f7f8g8g2g3g4g5g6h1g7h2h3h4h5h6h7h8ts,0
f5d6c4b3b4b5a2b2a4d3b1f3b6a6c2b7b8c6c3a8c5a3a5a1a7c1c7c8d1d2d7d8e1e2e3f1e6e7e8f8f2f4f6f7g2g1g3g4g5g6g7g8h1h2h3h4h5h6h7h8ts,-8
f5f4d3c4b3b4b5a4c3a2a3a6a1b2a5c2a7c6b1c1b6d2b7d6c5c7b8a8c8d7d1d8e1f3e2e6e3f6e7e8g2f2g1f1g3f7f8g4g5g6g7g8tsh1h2h3h4h5h6h7h8ts,10
f5f4e3d2c3b4b2c4a5a1b3a3a2a4b1a6a7a8b5c1d3b6d1c5c6d6b7b8d7c2e2c7e6d8c8e1e8e7f1f2f3f8f7f6g8g1g6g2g3g4g5g7h2h3h4h5h6h8h7h1ts,-50
f5d6c5b4b5b6a5f4a3b3a7b7c3b2c1a1c7b8d2c6b1c4c8a2a4a6a8c2d3d1e1d7d8e2e3e6e7e8f3f1f8f2g1f6g2f7g3g4g5g6g7g8h8h1tsh3h2h4h5h6tsh7ts,-30
f5d6c6b6b7b8a6b5a4b4a8d7b3b2c2d2b1a2c3c4a1d3a3f3c5a5a7c7c1d1c8d8e1e2e3e6e7e8f8f1f2f4g1f6f7g2g3g4g5g6g7g8h8h1h2h3h4h5h6h7ts,10
f5d6c7d7c3b7b8d3a7b2a1b3b4a3c2a5a4b1a2c1a6d2b5b6c4c5c6c8d1a8d8e1e2e3f1e6e7e8tsf2f3f4f6f7f8g1g2g3g4g5g6g7g8h8h1h2h3h4h5h6h7ts,16
f5d6c7f3c3c4c5b2a1b4a3a4a5b6b3c2b5a2a7a6b1a8c1b7b8c6d3c8g2d1d2d7e1e2d8e3f1e6e7e8tsf2f4f6f7g1f8g3g4g5g6g7g8h8h1h2h3h4h5h6h7ts,-6
f5d6c7d7c4b3b4b5a2b2a4b7a6b6b8d3a5f3a7e6b1c6c2a8c5a3c3a1c8c1e7d1g2d2tsd8e2e3e8e1f1f2g1f4tsf6f7f8tsg3g4g5g6g7g8h1tsh2h3h4h5h6h7h8ts,-36
f5d6c7f3c5b6a5a7b4c6a6a4c3b5c4b3a3a2b2b1a1b7a8c2b8c8c1d3d2e6d7e7d8g4f4e3f2e2f1d1e1g1e8tsf6f7f8tsh1tsh3ts,52
f5d6c7d7c5b4b5b6a5a7b3a3b7b2b1b8c3c1a1d3c2d1c4a2a4d2c6a6a8e6c8d8e1e2e3f1e7e8f2f3f4f6f7f8g1g2g3g4g5g6g7g8h8h1h2h3h4h5h6h7ts,12
f5d6c7d7c6b5b7a7a4b6a8b4a6a5b3a3a2c5b8c8c3d3c2b2a1d2c4b1c1e3d8e6d1e7f2e2f1e1f3e8f4g1f6f7f8tsg2g3g4g5g6g7g8tsh1h2h3h4h5h6h7h8ts,34
f5d6c7d7e7b8b7b6a5b5a7d8b4b3c3d3b2a3c2a1a2b1a4a6c4a8c5d1c1d2c6e6c8e8e1e3f2e2f3f1f4f6f7f8g2g3g4g5g6g7g8h1g1h2tsh4h3h5h6h7tsh8ts,-56
f5d6c7d7e7b8c3d3b7b2a1b3b4a3c2a5a4b1a2b6a6c1a7d2b5d8c4c5c6c8d1a8e6e1e2e3e8f3f1f4f2f6f7f8tsg2g3g4g5g6g7g8h1g1h2h3h4h5h6h7h8ts,24
f5d6c7d7e7b8c4b3b4b5a2b2a4d3b1d8b6a5a6f3b7e6c2c8c5a7a8a3c3a1c6c1d1d2e1e2e3e8f6f1f7f4f2f8g1g2g3g4g5g6g7g8h8h1tsh2h3h4h5h6tsh7ts,-12
f5d6c7d7e7b8c5b6b4d8a7a3b5a5b3b2b7f4b1c1d1c3d3c4a2a1a4c2a6a8d2c6e6c8e3e1f3e2tse8f2g1f1g2f7f6f8g6g3g4g5g7g8h4h1h2h3h5h6h7h8ts,-10
f5d6c7d7e7b8c6b6b5b4a4c5a3b3a5c4a2b2a6a7a8c3a1b1b7c2c1d1c8d2d3d8e1f3e2e6e3f4e8f1f2f6f7f8g1tsg2g3g4g5g6g7g8h2h3h4h5h6h7h8ts,27
f5d6c7d7e7b8d3f4b7b6a5b5a7c3b3b2b1a1b4a3c4a4a2a6c2a8c5c1e3c6d1c8e6d2e2d8f3e1tse8f1f2f7f6g2f8g4g1g5g3g8g6h1h2h3h4h5h6g7h7h8ts,-32
f5d6c7d7e7b8d3f4c5b5a5c4b3b4a3a2a1a4b2a6a7b1b7b6c1c2c3c6c8a8d2d1e1d8e2e6e3f3e8f6f7f8g2f2g1f1g3h1g4g5g6g7g8h8h2h3h4h5h6h7ts,12
f5d6c7d7e7b8d3f4e6c4b3b4b5a4b7a2b2a6b6b1a5c2a3c6a1c8a7a8c1d8c3e8c5f6d2d1e1tse2tse3f3f7f8g2f2g1f1g3h1g4g5g6g7g8h8h2h3h4h5h6h7ts,16
f5d6c7d7e7b8d3f4f3c3b3b2b1a1b7a3b4a5b5b6a7c1c4c5a4a2a6a8c2c6e6c8tsd1tsd2e2d8tse3tse1f1e8f7f2tsf6g2f8g4g1g5g3g8g6h1h2h3h4h5h6g7h7h8ts,-34
f5d6c7d7e7b8d3f4f6c4b3b4b5a4b7a2b2a6b6b1a5c2a3c6a1c8a7a8c1d8c3e6c5e8d2d1e1f7e2tse3f3f8g8g3f2g1f1g2h1g4g5g6g7h2h3h4h5h6h7h8ts,12
f5d6c7d7e7b8d3f4g4c3b3b2b1a1b7a3b4a5b5b6a7c1c4c5a4a2a6a8c2c6e6c8tsd1tsd2e2d8tse3tse1f1e8f3f2f7f6g2f8g5g1g3g6g7g8h1h2h3h4h5h6h7tsh8ts,-30
f5d6c7d7e7b8d3f4g4c3b7b6a5b5a7c5b3b2b1a1b4a3c4c1a2c6a4a6c2a8e6c8tsd1tsd2tsd8e2e3f2f1e1f3g1e8f6f7f8g2g3g5g6g7g8h1h2h3h4h5h6h7h8ts,-34
f5d6c7d7e7b8d3f4g4c3c4c5b2a1b3a2a3a4b1c1b4b5a5a6b7b6a7a8tsc6tsc2tsc8tse2d2e1d1e3f1d8f3e6tse8tsf2g3g1tsf6tsh2g2g5ts,-52
f5d6c7d7e7b8d3f4g4c3c5b5a5b6b2b4a3b3a7b1a1b7c1d2d1e1d8e3c2a2a4a6c4a8e2c6f1c8tse6tse8f8f2f3f6f7g1g2g3g5g6g7g8h1tsh2h3h4h5h6h7h8ts,-6
f5d6c7d7e7b8d3f4g4c3e6d2b2b3b4a1b1a3b7a5b5b6a7c1c2c5a2d8a4e3a6a8c4c6c8d1e1e2e8f1f2f3g1f6f7f8g2g3g5g6g7g8tsh1h2h3h4h5h6h7h8ts,-32
f5d6c7d7e7b8d3f4g4c3e6d2b7b6a5b5a7d8b2b3b4a1b1a3c2a2c5c1c8e3a8e8c6a4d1a6f2c4f3e1f6e2f7f8g8g1f1g2h1g3h2g5g6g7h6h3h4h5h7h8ts,-16
f5d6c7d7e7b8d3f4g4c3e6d2c2b2a1a2a3b4b1c1b3a4a5b5b6c4b7a6a7d8c5c6c8a8d1e1e2e3e8f3f1f6f2f7f8g2g3g5g6g7g8h8h1g1h2h3h4h5h6h7ts,14
f5d6c7d7e7b8d3f4g4c3e6d2c4b5b2b3a2a1a6a3b7b6a5b4a4a7b1c1c2c5c6c8a8d8d1e1e2e3e8f3f2f1tsf6f7f8g2g1g3g5g6g7g8tsh1h2h3h4h5h6h7h8ts,0
f5d6c7d7e7b8d3f4g4c3e6d2c5b6b2b3a7a1b7b5a5b4a3d8b1c1c2a2c4a4a6a8c6e2c8e3d1e1e8f3f1f2g1f6f7f8tsg2g3g5g6g7g8h1tsh2h3h4h5h6h7h8ts,-42
f5d6c7d7e7b8d3f4g4c3e6d2c6c5b2b3b4a1b1a3b5a5b7b6a4c1a2d8a6a7a8c4c2c8d1e1e2e3e8f3f1f2g1f6f7f8g8g2g3g5g6g7h6h1h2h3h4h5h7h8ts,-24
f5d6c7d7e7b8d3f4g4c3e6d2d1d8b2f6c8a1a8c5b3b4a3e1b1c1b5a5b7a7a6b6a4e3c2a2c4f3c6h3e2f2e8f7f1f8g1g2g3g5g6g7g8h1tsh2tsh4h5h6h7h8ts,-12
f5d6c7d7e7b8d3f4g4c3e6d2d1d8b3f6c8b2a8a3b4b5a1b1a5c5b7a7a6e1c1e3b6f3c4c6c2a2a4f7e2f2e8h3f1tsf8g1g2g3g5g6g7g8h1h2h4h5h6h7h8ts,40
f5d6c7d7e7b8d3f4g4c3e6d2d1d8b4f6c8b2a8a5b3c5a1b1a3e1b5b6b7a7a6c1a4e3c2c4a2e2c6f3e8f8f1f2f7g1g2g3g5g6g7g8h1tsh2tsh3h4h5h6h7h8ts,38
f5d6c7d7e7b8d3f4g4c3e6d2d1d8b7b6a7e1a5b5b2b4b3b1a1c1a3f6c5c4c6a2a8a4c8a6e8c2f1e2e3f2f3f7f8g1g2g3g5g6g7g8h1h2h3h4h5h6h7h8ts,10
f5d6c7d7e7b8d3f4g4c3e6d2d1d8c5e1b2b4a3a1b3a5b1c1b5b6a7b7c8e3a6a8c2c6a2a4c4e2e8f3f2f1tsf6g1f7f8g2g3g5g6g7g8h1h2h3h4h5h6h7h8ts,-24
f5d6c7d7e7b8d3f4g4c3e6d2d1d8c6b5b2f3b6a5a4a3a6a7b7a8c4b4b3a1b1c1c2c5a2c8e2e1e3e8f1f2f6f7f8g1g2g3g5g6g7g8h2h1h4h3h5h6h7h8ts,-38
f5d6c7d7e7b8d3f4g4c3e6d2d1d8c8e1a8c1b2a3a1b4b3b1a5b5b7b6c5a7a6e3c2e8a2c4a4c6e2f2f1f3f6f7f8g1g2g3g5g6g7g8h1tsh2tsh3tsh4h5h6h7h8ts,48
f5d6c7d7e7b8d3f4g4c3e6d2d1d8c8e3a8c1b1c5b2b3b4a1a3a5b5b6b7a7a6e1a4e8c2a2c4c6e2f2f1f3f6f7f8g1tsg2g3g5g6g7g8tsh1h2h3h4h5h6h7h8ts,10
f5d6c7d7e7b8d3f4g4c3e6d2d1d8c8f6a8c4b3a2a3a4b4b2b1a1b7a5b5a7a6b6c2c1c5c6e3e1e8e2f1f2f3f7f8g1tsg2g3g5g6g7h1h2h3h4h5g8h6h7h8ts,-6
f5d6c7d7e7b8d3f4g4c3e6d2d1d8c8e1b2b4a8a1b3c1a5b5a3f6b1c4a4a2a6a7b7b6c2c5c6e2e8e3f1f3f2f7f8g1g2g3g5g6g7g8h1h2h3h4h5h6h7h8ts,-8
f5d6c7d7e7b8d3f4g4c3e6d2d1d8c8e3b2b3a8a1b4b5a3c1a5c5b1e1b6a7a6e8b7c4c2a2c6a4e2f1f6f3f2f7f8h3g1g2g3g5g6g7g8h1tsh2tsh4h5h6h7h8ts,-24
f5d6c7d7e7b8d3f4g4c3e6d2d1d8c8f6b3b2a8a3b4b5a1b1a5c4a6a4a2b6b7a7c1c2c5e3c6e1e2f3e8f2f1f7f8g1g2g3g5g6g7g8h1tsh2h3h4h5h6h7h8ts,28
f5d6c7d7e7b8d3f4g4c3e6d2d1d8c8e1b3b4a8a3b2b1a1c1b7b6a5a7a6b5c4e3a2c5a4e8c2c6e2f2f1f3f6g3f7f8g1g5g2tsg6g7g8h2h3h4h5h6h7h8ts,33
f5d6c7d7e7b8d3f4g4c3e6d2d1d8c8e1b7b6a6a7a8c1b2a3a1b4b3b1a5b5c4e3a2c5a4e8c2c6e2f2f1f3f6f7f8g1g2g3g5g6g7g8h1tsh2tsh3tsh4h5h6h7h8ts,46
f5d6c7d7e7b8d3f4g4c3e6d2d1d8c8e1c5c1a8e3b2a3a1b3b4a5b5b6b7a7a6b1a4e8a2c4c2c6e2f1f2f3f6f7f8h3g1g2g3h1g5g6g7g8h8h2tsh4h5h6h7ts,24
f5d6c7d7e7b8d3f4g4c3e6d2d1d8c8e1c6b6a6a5a4c1a8c5a7c4b2a3a1b4a2e2b3b1b5b7c2e3e8f3f1f2g1f6f7f8g8g2g3g5g6g7h6h1h2h3h4h5h7h8ts,8
f5d6c7d7e7b8d3f4g4c3e6d2d1d8c8e1e8c1a8e3b2a3a1b3b4a5b5c5b6a7a6b1a4f6a2c4c2e2b7f3c6f8f1f2f7g1g2g3g5g6g7g8h1tsh2tsh3tsh4tsh5h6h7h8ts,50
f5d6c7d7e7b8d3f4g4c3e6d2d1d8c8e1f1e3a8c5b2b3b4a3b7a1b1a5b5b6c2a7a6c1a4e8a2c4c6e2f2f3f6f7f8g1g2g3h1g5g6g7h2g8h3h4h5h6h7h8ts,20
f5d6c7d7e7b8d3f4g4c3e6d2d1d8c8e1f1f6a8c4b3a2a3a4b4a5b2a1b1c1b5b6a6a7b7c5c6e2c2e3e8f2f3f7f8g1g2g3h1g5g6g7h2h3h4h5g8h6h7h8ts,-10
f5d6c7d7e7b8d3f4g4c3e6d2d1d8c8e1f1e3b2b3a8a1b4b5a3c1a5c5b1e8b6a7a6c4b7a2c2a4c6g1e2f2f3f6f7f8g2g3g5g6g7g8h1h2h3h4h5h6h7h8ts,-6
f5d6c7d7e7b8d3f4g4c3e6d2d1d8c8e1f1f6b3b2a8a3b4b5a1b1a5c4a6a4a2b6b7a7c1c2c5e3c6f3e2f2e8f7f8g1g3g2h1g5g6g7g8h2h3h4h5h6h7h8ts,32
f5d6c7d7e7b8d3f4g4c3e6d2d1d8c8e1f1e3b4b3a8a5b2b1a1c1a3c5b5b6b7e8c2a7a2c4a4e2a6f2c6g1f3f6f7f8g2g3g5g6g7g8h1h2h3h4h5h6h7h8ts,38
f5d6c7d7e7b8d3f4g4c3e6d2d1d8c8e1f1e3b7b6a6a7a8c5b2b3b4a3b5a1b1a5a4c1a2e8c2c4c6e2f2f3f6f7f8g1g2g3h1g5g6g7h2g8h3h4h5h6h7h8ts,16
f5d6c7d7e7b8d3f4g4c3e6d2d1d8c8e1f1e3c1f3a8c5b2b3b4a3b7a1b1a5b5b6c2a7a6c6a4e8a2f6c4g1e2f2f7f8g2g3g5g6g7g8h1h2h3h4h5h6h7h8ts,10
f5d6c7d7e7b8d3f4g4c3e6d2d1d8c8e1f1e3c2b2a1a2a3b3a4b1a8b4a5b5b7b6c1a7a6c5c4e8c6g3e2f6f2g5f3tsf7f8g8g6g7h7g2h2h3h4h5h6tsg1h1h8ts,26
f5d6c7d7e7b8d3f4g4c3e6d2d1d8c8e1f1e3c5b6a8e8b4a3a5b2b5b3a7b7a6c1b1a1c2c4a2a4c6e2f2f3f6f7f8g1g2g3h1g5g6g7h2g8h3h4h5h6h7h8ts,12
f5d6c7d7e7b8d3f4g4c3e6d2d1d8c8e1f1e3c6b6a6a5a4c5a8e8b4a3a2b2b5c1a7b7b1c4b3a1c2f3e2g1f2f6f7f8g2g3g5g6g7g8h1h2h3h4h5h6h7h8ts,16
f5d6c7d7e7b8d3f4g4c3e6d2d1d8c8e1f1e3e2f2a8c5b2b3b4a3b7a1b1a5b5b6c2a2c1a4a7c4c6a6e8f3g1f6f7f8g8g2g3g5g6g7h6h1h2h3h4h5h7h8ts,-18
f5d6c7d7e7b8d3f4g4c3e6d2d1d8c8e1f1e3e8c5a8f6b4b2b6a5a3a7a6c1a4c4b1c6b3a1b5a2b7f3c2f8e2f2f7g1g8g3g2g5g6g7h1h2h3h4h5h6h7h8ts,16
f5d6c7d7e7b8d3f4g4c3e6d2d1d8c8e1f1e3f2f3a8c5b2b3b4a3b7a1b1a5b5b6a7c1c2c6a2a4a6c4e2e8f6f7f8g1g2g3g5g6g7g8h1h2h3h4h5h6h7h8ts,16
f5d6c7d7e7b8d3f4g4c3e6d2d1d8c8e1f1e3f2f6a8c4b3a2a3a4b4a5b2a1b1c1b5b6a6a7b7c5c6e2c2e8f3g1f7f8g2g3g5g6g7g8h1h2h3h4h5h6h7h8ts,-10
f5d6c7d7e7b8d3f4g4c3e6d2d1d8c8e1f1e3f2f3b2b3a8a1b4b5a3c1a5c5b1c6a4b6a6a7b7a2c2c4e2e8f8f6f7g1g2g3g5g6g7g8h1h2h3h4h5h6h7h8ts,-2
f5d6c7d7e7b8d3f4g4c3e6d2d1d8c8e1f1e3f2f6b3b2a8a3b4b5a1b1a5c4a6a4a2b6b7a7c1c2c5e2c6f3e8f7f8g1g2g3g5g6g7g8h1tsh2h3h4h5h6h7h8ts,24
f5d6c7d7e7b8d3f4g4c3e6d2d1d8c8e1f1e3f2f3b4b3a8a5b2b1a1c1a3c5b5b6a7b7a6c6a4c4a2c2e2e8f6g1f7f8g2g3g5g6g7g8h1h2h3h4h5h6h7h8ts,26
f5d6c7d7e7b8d3f4g4c3e6d2d1d8c8e1f1e3f2f3b7b6a6a7a8c5b2b3b4a3b5a1b1a5a4c1a2c6c2c4e2e8f8f6f7g1g2g3g5g6g7g8h1h2h3h4h5h6h7h8ts,8
f5d6c7d7e7b8d3f4g4c3e6d2d1d8c8e1f1e3f2f3c1c6a8c4b2b3a2a1a3a4b4b5b6a5a6a7b7c2b1c5e2e8f8f6f7g1g2g3g5g6g7g8h1h2h3h4h5h6h7h8ts,-4
f5d6c7d7e7b8d3f4g4c3e6d2d1d8c8e1f1e3f2f3c2b2a1a2a3b3a4b1a8b4a5b5b7b6c1a7a6c5c4c6e2e8f8f6f7g1g2g3g5g6g7g8h1tsh2tsh3tsh4h5h6h7h8ts,40
f5d6c7d7e7b8d3f4g4c3e6d2d1d8c8e1f1e3f2f3c5b6a7a5a8c6a6b5a4b7b2b3a3b4c1a1b1c2c4e2e8a2g2f6f7f8g8g1tsg3h1g5g6g7h2h3h4h5h6h7h8ts,8
f5d6c7d7e7b8d3f4g4c3e6d2d1d8c8e1f1e3f2f3c6b6a6a5a4b7a7a8b2a3b5b3b4b1a1c1c2c4a2c5e2e8f8f6f7g1g2g3g5g6g7g8h1h2h3h4h5tsh6h7h8ts,4
f5d6c7d7e7b8d3f4g4c3e6d2d1d8c8e1f1e3f2f3e2f6a8c4b3a2a3a4b4a5b2a1b1c1b5b6a6a7b7c5c2g1c6e8f8f7g2g3g5g6g7g8h1h2h3h4h5h6h7h8ts,-6
f5d6c7d7e7b8d3f4g4c3e6d2d1d8c8e1f1e3f2f3e8c5a8c6b2b3b4a3b5a1b1a5a4b6a2b7a6a7c2c1c4e2g2f6f7f8g8g1tsg3h1g5g6g7h2h3h4h5h6h7h8ts,-12
f5d6c7d7e7b8d3f4g4c3e6d2d1d8c8e1f1e3f2f3g2c5a8e8b3b2b1a1b4a3a5b5b6c1b7a7a6c2a2c4a4c6e2g1f6f7f8g3g5g6g7g8h1h2h3h4h5h6h7h8ts,14
f5d6c7d7e7b8d3f4g4c3e6d2d1d8c8e1f1e3f2f3g2e8a8c4b3a2a3a4b4a5b2a1b1c1b5b6a6a7b7c5c6e2c2g1f6f7f8g3g5g6g7g8h1h2h3h4h5h6h8h7ts,-16
f5d6c7d7e7b8d3f4g4c3e6d2d1d8c8e1f1e3f2f3g2c5b2b3a3b4a5f6a8a1b1c1b5b6a7b7a6c4a4c6c2a2e8e2f7f8g8g1tsg3h1g5g6g7h2h3h4h5h6h7h8ts,4
f5d6c7d7e7b8d3f4g4c3e6d2d1d8c8e1f1e3f2f3g2c5b3b2a1b4a3a5a8b1b7b6a7f6c1b5c4c6a2a6a4e2c2g1e8f7f8g3g5g6g7g8h1h2h3h4h5h6h7h8ts,42
f5d6c7d7e7b8d3f4g4c3e6d2d1d8c8e1f1e3f2f3g2c5b4b2a1b3a3f6a8c6b5b6a7a4a5a6b7a2e8c1b1c2f7c4tse2tsf8g8g3g5g1h1g6g7h2h3h4h5h6h7h8ts,14
f5d6c7d7e7b8d3f4g4c3e6d2d1d8c8e1f1e3f2f3g2c5b5b4a3a5a8b6a7b7a6f6a4c6b3b2b1a1c1c4c2a2e8e2f7f8g8g1tsg3h1g5g6g7h2h3h4h5h6h7h8ts,10
f5d6c7d7e7b8d3f4g4c3e6d2d1d8c8e1f1e3f2f3g2c5b6a5a7b4a3f6a8b5b3b2b1a1b7c1c4c6c2a2a4a6e2e8f7f8g8g1tsg3g5g6g7h7h1h2h3h4h5h6h8ts,8
f5d6c7d7e7b8d3f4g4c3e6d2d1d8c8e1f1e3f2f3g2c5b7b6a6a7a8e8b3b2b1a1b4a3a5b5c4c1a2c2a4c6f6e2f7f8g8g1tsg3h1g5g6g7h2h3h4h5h6h7h8ts,28
f5f6f7g7h7h8e6h6g6g5h5h4g8f8d3g4h3h2tsc2d2c3b1c1b2a1a2a3b3b4a4a5b5b6e3c4a6a7b7b8c5c6a8c7c8e1d1e2d6d7d8e7f1f2e8f3f4g1g2g3h1ts,-38
c4e3f2c3c2b2a2a1c5a3e6c1tsc6b3a4b5f3c7a5a6a7b6b4b1b7b8a8d1c8d2d3d6d7d8e1e2e7f1e8f4f5f6f7f8g1g2g3g4g5g6g7g8h8h1h2h3h4h5h6h7ts,-24
d3c5b6b5b4a3b3a5c6a7a4b2a2a1a6b7a8b8c4c3b1c1c2c7c8d2d1e1d6d7e2d8e3f2e6e7e8tsf1f3f4f5f6f7f8g1tsg2g3g4g5g6g7g8h1h2h3h4h5h6h7h8ts,4
f5d6c7d7e7b8d3f4g4c3e6d2d1d8c8e1f1e3f2f3g2c5c1f6a8c4b3a2a3a4b4b2b1a1b5a5b7a7a6b6c2e2c6g1e8g3f7f8g5g6g7g8h1h2h3h4h5h6h7h8ts,0
f5d6c7d7e7b8d3f4g4c3e6d2d1d8c8e1f1e3f2f3g2c5c2b2a1a2a3b3a4b1a8b4a5b5b6a7a6c1b7c4c6e8e2g1f6f7f8g3g5g6g7g8h1h2h3h4h5h6h7h8ts,34
f5f6f7g7h7h8e6h6g6g5h5h4g8f8d3g4h3h2tsc3b3b2b1a1c4a2a3a4b4b5a5a6b6b7b8c1c5c2d2c6a7a8c7c8d6d7d8e1d1e2e3e7e8f2f1f3f4g1tsg2tsg3ts,-53
f5f6f7g7h7h8e6h6g6g5h5h4g8f8d3g4h3h2tsc4b4b3b2a2b5b1c5a5a6a3a4a7b6b7c6c2a8b8a1c3c1d1c7c8d2d6d7d8e1e7e2e3e8f1f2f3f4g3g1tsg2h1ts,8
f5f6f7g7h7h8e6h6g6g5h5h4g8f8d3g4h3h2tsc5b6b5b4a3b3a5c4a2a6a7b2b1a4c2a1c3a8e7c1f3b7tsd1tsc6tse2d2d6c7c8b8d7d8e8tse3tsg2f1h1f2g1f4e1tsg3ts,32
f5f6f7g7h7h8e6h6g6g5h5h4g8f8d3g4h3h2tsd6c7c2d2c3b1b8b3b2a2a1b4a3d7b5a4a5b6b7a7c1c5c4a6a8e3c6e7c8d8e1d1e2f1e8f2f3f4g1tsg2tsg3ts,-61
f5f6f7g7h7h8e6h6g6g5h5h4g8f8d3g4h3h2tsd7d6c2c8c3d2c4b1c1b2a1a2a3b3b4a4a5b5b6a6a7b7b8a8c5c6c7f3d1e7d8e8e2g2f1h1f2tsf4e3tse1tsg1tsg3ts,-16
f5d6c7d7e7b8d3f4g4c3e6d2d1d8c8e1f1e3f2f3g2c5c4b5a5a6a7b4a3a4a8a2a1b6b2b3b7e8c1c6c2e2f6b1f7g1f8g3h1g5g6h2h3h4h5g7g8h6h7ts,49
f5d6c7d7e7b8d3f4g4c3e6d2d1d8c8e1f1e3f2f3g2c5c6b6a6a5a4e8a7b4a8b5b2a1b3a3a2b7b1c1c4e2c2g1f6f7f8g3g5g6g7g8h1h2h3h4h5h6h7h8ts,18
f5d6c7d7e7b8d3f4g4c3e6d2d1d8c8e1f1e3f2f3g2c5e2f6a8c4b3a2a3a4b4a5b2a1b1c1b5b6a6a7b7c6c2e8f7f8g8g1tsg3g5g6g7h7h1h2h3h4h5h6h8ts,-4
f5d6c7d7e7b8d3f4g4c3e6d2d1d8c8e1f1e3f2f3g2e8b2a1a8c4b3a2a3a4b1b4a5a6b5c1b7a7b6c2c5c6f7e2f8f6g5g1tsg3h1g6g7g8h2h3h4h5h6h7h8ts,-8
f5d6c7d7e7b8d3f4g4c3e6d2d1d8c8e1f1e3f2f3g2e8b3b2a8a3b4b5a1b1a5c2a2c1a4c4b6a6a7b7c5c6e2f6f7f8g8g1h1g3g5g6g7h2h3h4h5h6h7h8ts,36
f5d6c7d7e7b8d3f4g4c3e6d2d1d8c8e1f1e3f2f3g2e8b4b2a8a5b3c2a1a2a3a4a6c4b1c1b5c5b6c6b7a7f6e2f7g1f8g3h1g5g6g7g8h2h3h4h5h6h7h8ts,20
f5d6c7d7e7b8d3f4g4c3e6d2d1d8c8e1f1e3f2f3g2e8b7a7a6a5a8c4a4g1b3a2a3b2a1b4b5b6b1c1c2c5c6e2f6f7f8g3g5g6g7g8h1h2h3h4h5h6h7tsh8ts,42
f5d6c7d7e7b8d3f4g4c3e6d2d1d8c8e1f1e3f2f3g2e8c1c4a8c6b3a2a3a4b4b2b1a1b7a5b5a7a6b6c2c5f6e2f7f8g8g1tsg3h1g5g6g7h2h3h4h5h6h7h8ts,0
f5d6c7d7e7b8d3f4g4c3e6d2d1d8c8e1f1e3f2f3g2e8c2b2a1a2a3b3a4b1a8b4a5b5b7a7a6c1c4b6c5c6e2g1f6f7f8g3g5g6g7g8h1h2h3h4h5h6h7h8ts,30
f5d6c7d7e7b8d3f4g4c3e6d2d1d8c8e1f1e3f2f3g2e8c6b5a8b6b2a1b3b4a3c2a5a4b1a2b7a6c1a7c4c5f6e2f7g1f8g3h1g5g6g7g8tsh2h3h4h5h6h7h8ts,-10
f5d6c7d7e7b8d3f4g4c3e6d2d1d8c8e1f1e3f2f3g2e8f6c4a8c6b2b3a3a2a1b1b4a4a5b5a6b6b7a7c1c5c2e2f7g1f8g3g5g6g7g8h1h2h3h4h5h6h7h8ts,22
f5d6c7d7e7b8d3f4g4c3e6d2d1d8c8e1f1e3f2f3g2e8f7c4a8c5b3b2b1a1b4a4a3a2b5a5a6a7b6b7c6c1f6e2c2g1f8g3g5g6g7g8h1h2h3h4h5h6h7h8ts,-8
f5d6c7d7e7b8d3f4g4c3e6d2d1d8c8e1f1e3f2f3g2e8f8c4a8g1b3a2a3a4b4a5b2a1b1c1b5b6a6a7b7c5c6e2c2f6f7g3g5g6g7g8h1h2h3h4h5h6h7h8ts,-2
f5d6c7d7e7b8d3f4g4c3e6d2d1d8c8e1f1e3f2f3g2e8f8c4b3a2a3a4a8b2b1a1b4b5a5a6b6b7c5c1a7c6f7c2tse2tsf6g5g1tsg3h1g6g7g8h2h3h4h5h6h7h8ts,-10
f5d6c7d7e7b8d3f4g4c3e6d2d1d8c8e1f1e3f2f3g2e8f8c4b4b2a8a4a5a6a1b3a3a2a7b1b5b6b7e2c1c2c5c6f6f7g6g3h2g1h1g5h4g7g8h3h5h6h7h8ts,38
f5d6c7d7e7b8d3f4g4c3e6d2d1d8c8e1f1e3f2f3g2e8f8c4b6b7a6a5a4a7a8g1b3a2a3b2a1b4b5c1b1c2c5c6e2f6f7g3g5g6g7g8h1h2h3h4h5h6h7h8ts,32
f5d6c7d7e7b8d3f4g4c3e6d2d1d8c8e1f1e3f2f3g2e8f8c4b7a7a6a5a8g1a4c1b3a2a3b2a1b4b5b6b1c5c6e2c2f6f7g3g5g6g7g8h1h2h3h4h5h6h7h8ts,40
f5d6c7d7e7b8d3f4g4c3e6d2d1d8c8e1f1e3f2f3g2e8f8c4c1e2a8c2b1b2a2a1a3a4b3g1b4a5b5a6b6b7c5c6a7f6f7g3g5g6g7g8h1h2h3h4h5h6h7h8ts,-8
f5d6c7d7e7b8d3f4g4c3e6d2d1d8c8e1f1e3f2f3g2e8f8c4c2b2a8e2a2a1b3a3b1c1b4a4b6b5a5a6c5b7a7c6f7f6g5g1tsg3h1g6g7g8h2h3h4h5h6h7h8ts,0
f5d6c7d7e7b8d3f4g4c3e6d2d1d8c8e1f1e3f2f3g2e8f8c4c5c6a8e2b2b3a3a2a1b1b4a4a5b5a6b6a7b7c1c2f6f7g6g1g3g5g7g8h1h2h3h4h5h6h7h8ts,10
f5d6c7d7e7b8d3f4g4c3e6d2d1d8c8e1f1e3f2f3g2e8f8c4c6b6a5a6a7b7a8b5a4b4b3a2a3b2a1c5b1e2c1c2f6f7g6g1g3g5g7g8h1h2h3h4h5h6h7tsh8ts,34
f5d6c7d7e7b8d3f4g4c3e6d2d1d8c8e1f1e3f2f3g2c5e8f6a8c4b3a2a3a4b4a5b2a1b1b5a6a7b6b7c1c2c6e2f7f8g8g1tsg3h1g5g6g7h2h3h4h5h6h7h8ts,-8
f5d6c7d7e7b8d3f4g4c3e6d2d1d8c8e1f1e3f2f3g2c5e8f6b3b2a8a3b4b5a1b1a5b6a7b7a6c4a4c6a2c2c1e2f7f8g8g1g3g5g6g7h1h2h3h4h5h6h7h8ts,36
f5d6c7d7e7b8d3f4g4c3e6d2d1d8c8e1f1e3f2f3g2e8f8c4e2f6a8f7b3a2a3a4b4a5b2a1b1c1b5b6a6a7b7c5c2g1c6g3g5g6g7g8h1h2h3h4h5h6h7h8ts,-4
f5d6c7d7e7b8d3f4g4c3e6d2d1d8c8e1f1e3f2f3g2e8f8c4f6f7a8g1b2b3a3a2a1b1b4a4a5b5a6b6c1c2b7a7c5c6e2g3g5g6g7g8h1h2h3h4h5h6h7h8ts,26
f5d6c7d7e7b8d3f4g4c3e6d2d1d8c8e1f1e3f2f3g2c5e8f6b4b2a8a5a3b5b3c6a1b1a4a2a6b6a7b7c1c4c2e2f7f8g8g1g3g5g6g7h1h2h3h4h5h6h7h8ts,26
f5d6c7d7e7b8d3f4g4c3e6d2d1d8c8e1f1e3f2f3g2e8f8c4f7g1a8c1b3b2b1a1b6a3a2b4a4a5c2c5b5a7a6c6b7e2tsf6g3g5g6g7h1g8h2h3h4h5h6h7h8ts,-8
f5d6c7d7e7b8d3f4g4c3e6d2d1d8c8e1f1e3f2f3g2e8f8c4f7g1b3b2a8a3a2a1b1b4a4a5b5c1b6b7a6a7c2c5c6e2tsf6g3g5g6g7g8tsh1h2h3h4h5h6h7h8ts,-18
c4c3c2b2a2a1d3a3b3b4a4a5b1c1e6b5a6a7tsb6tsc5tse2d2e1d1e3f1d6c6c7b7b8a8d7c8d8e7e8f3f2f4f5f6f7f8g1tsg2h1g3g4g5g6g7g8tsh2h3h4h5h6h7h8ts,-14
c4e3f3c3c2b2a2a1d3a3b3b4a4a5b1c1e6b5a6a7tsb6tsc5tse2d1d6c6c7b7b8a8c8d2d7d8e1tse7f1f2f4f5f6e8f7f8g8g1tsg2h1g3g4g5g6g7h2h3h5h4h6h7h8ts,-8
c4e3f4c3c2b2a2a1d2a3b4a4a5a6b3b5c5d1c1b1d6c6b6b7a7a8b8c7tsc8tsd3tsd7tsf2e2f1e1f3g1e6e7f5f6e8d8f7f8g2g3g4g5g6g7g8tsh1h2h3h4h5h6h7ts,-53
c4e3f5b4b3b2a2c6a4b5a6b6c2b1c3c5a1c1a5a3a7a8b7b8d1c7c8d2d3d6d7d8e2e1f1e6e7f2f3f4f6e8f7f8g4g1g2g3g5g6g7g8h1tsh2h3h4h5h6h7h8ts,-2
c4e3f6b4b3b2a2c6a4b5a6b6c2b1c3c5a1c1a5a3a7a8b7b8d1c7c8d2d3d6d7d8e2e1f1e6e7f2f3f4f5e8f7g1g2g3g4g5g6f8g7g8h1h2h3h4h5h6h7tsh8ts,4
e6f6c4c3c2b2a2a1d3a3b3b4a4a5b1c1f5c5b5b6a6a7b7b8f7c6a8c7c8e2d2e1d1e3d6d7d8e7f1f2e8f3f4f8g8g1g2g3g4g5g6g7h1h2h3h4h5h6h7h8ts,-18
d3e3f2c2c3b2b1c1b3a1c5a3e6f3d2b6a2c6a4a5a7a6b4a8c4b5b7b8f4c7tse1d1e2f1d6d7e7d8c8e8f5f6f7f8g1g2g3g4g5h1g6g7g8h2h3h4h5h6h7h8ts,-26
e6f6d3c3b3b2b1a1c4a3a2b4a4a5b5c1c2b6a6a7b7b8f5d1f7c5tse2d2d6c6c7a8c8d8d7tsf3e3e7f4f8e1f1e8f2g2g3g4g5g6g7g8h1g1h2tsh3h4h5h6h7ts,-37
d3e3f3c3b3b2b1a1c4a3a2b4a4a5b5c1c2b6a6a7b7b8e6c5tse2d1d6c6c7a8d7c8d8e7e1d2e8f1f2f4f5f6f7f8g1tsg2h1g3h2g4g5g6g7g8h3h4h5h6h7h8ts,-20
e6f6f5f4c3b2d3c2a1a2a3b3c1b1c4b4a4c5a5b5c6a6a7b6c7b7c8a8d6b8d7d1d2d8e1e7e2e3e8f1f2f3g1f7f8g2g3g4g5g6g7g8tsh1h2h3h4h5h6h7h8ts,12
